{"/Users/stefan/.openclaw/workspace/yuleASR-Configurator/packages/@yuletech/core/src/index.ts": {"path":"/Users/stefan/.openclaw/workspace/yuleASR-Configurator/packages/@yuletech/core/src/index.ts","all":true,"statementMap":{"0":{"start":{"line":1,"column":0},"end":{"line":1,"column":7}},"1":{"start":{"line":2,"column":0},"end":{"line":2,"column":24}},"2":{"start":{"line":3,"column":0},"end":{"line":3,"column":0}},"3":{"start":{"line":4,"column":0},"end":{"line":4,"column":12}},"4":{"start":{"line":5,"column":0},"end":{"line":5,"column":25}},"5":{"start":{"line":6,"column":0},"end":{"line":6,"column":0}},"6":{"start":{"line":7,"column":0},"end":{"line":7,"column":8}},"7":{"start":{"line":8,"column":0},"end":{"line":8,"column":28}},"8":{"start":{"line":9,"column":0},"end":{"line":9,"column":0}},"9":{"start":{"line":10,"column":0},"end":{"line":10,"column":8}},"10":{"start":{"line":11,"column":0},"end":{"line":11,"column":28}},"11":{"start":{"line":12,"column":0},"end":{"line":12,"column":0}},"12":{"start":{"line":13,"column":0},"end":{"line":13,"column":17}},"13":{"start":{"line":14,"column":0},"end":{"line":14,"column":43}},"14":{"start":{"line":15,"column":0},"end":{"line":15,"column":0}},"15":{"start":{"line":16,"column":0},"end":{"line":16,"column":16}},"16":{"start":{"line":17,"column":0},"end":{"line":17,"column":35}},"17":{"start":{"line":18,"column":0},"end":{"line":18,"column":0}},"18":{"start":{"line":19,"column":0},"end":{"line":19,"column":28}},"19":{"start":{"line":20,"column":0},"end":{"line":20,"column":9}},"20":{"start":{"line":21,"column":0},"end":{"line":21,"column":20}},"21":{"start":{"line":22,"column":0},"end":{"line":22,"column":19}},"22":{"start":{"line":23,"column":0},"end":{"line":23,"column":29}},"23":{"start":{"line":24,"column":0},"end":{"line":24,"column":40}},"24":{"start":{"line":25,"column":0},"end":{"line":25,"column":0}},"25":{"start":{"line":26,"column":0},"end":{"line":26,"column":15}},"26":{"start":{"line":27,"column":0},"end":{"line":27,"column":8}},"27":{"start":{"line":28,"column":0},"end":{"line":28,"column":13}},"28":{"start":{"line":29,"column":0},"end":{"line":29,"column":16}},"29":{"start":{"line":30,"column":0},"end":{"line":30,"column":24}},"30":{"start":{"line":31,"column":0},"end":{"line":31,"column":23}},"31":{"start":{"line":32,"column":0},"end":{"line":32,"column":33}}},"s":{"0":0,"1":0,"2":0,"3":0,"4":0,"5":0,"6":0,"7":0,"8":0,"9":0,"10":0,"11":0,"12":0,"13":0,"14":0,"15":0,"16":0,"17":0,"18":0,"19":0,"20":0,"21":0,"22":0,"23":0,"24":0,"25":0,"26":0,"27":0,"28":0,"29":0,"30":0,"31":0},"branchMap":{"0":{"type":"branch","line":1,"loc":{"start":{"line":1,"column":559},"end":{"line":32,"column":33}},"locations":[{"start":{"line":1,"column":559},"end":{"line":32,"column":33}}]}},"b":{"0":[0]},"fnMap":{"0":{"name":"(empty-report)","decl":{"start":{"line":1,"column":559},"end":{"line":32,"column":33}},"loc":{"start":{"line":1,"column":559},"end":{"line":32,"column":33}},"line":1}},"f":{"0":0}}
,"/Users/stefan/.openclaw/workspace/yuleASR-Configurator/packages/@yuletech/core/src/adapters/arxml-parser.ts": {"path":"/Users/stefan/.openclaw/workspace/yuleASR-Configurator/packages/@yuletech/core/src/adapters/arxml-parser.ts","all":false,"statementMap":{"0":{"start":{"line":1,"column":0},"end":{"line":1,"column":3}},"1":{"start":{"line":2,"column":0},"end":{"line":2,"column":15}},"2":{"start":{"line":3,"column":0},"end":{"line":3,"column":42}},"3":{"start":{"line":4,"column":0},"end":{"line":4,"column":3}},"4":{"start":{"line":5,"column":0},"end":{"line":5,"column":0}},"5":{"start":{"line":6,"column":0},"end":{"line":6,"column":45}},"6":{"start":{"line":7,"column":0},"end":{"line":7,"column":0}},"7":{"start":{"line":8,"column":0},"end":{"line":8,"column":35}},"8":{"start":{"line":9,"column":0},"end":{"line":9,"column":26}},"9":{"start":{"line":10,"column":0},"end":{"line":10,"column":19}},"10":{"start":{"line":11,"column":0},"end":{"line":11,"column":1}},"11":{"start":{"line":12,"column":0},"end":{"line":12,"column":0}},"12":{"start":{"line":13,"column":0},"end":{"line":13,"column":3}},"13":{"start":{"line":14,"column":0},"end":{"line":14,"column":56}},"14":{"start":{"line":15,"column":0},"end":{"line":15,"column":3}},"15":{"start":{"line":16,"column":0},"end":{"line":16,"column":63}},"16":{"start":{"line":17,"column":0},"end":{"line":17,"column":36}},"17":{"start":{"line":18,"column":0},"end":{"line":18,"column":16}},"18":{"start":{"line":19,"column":0},"end":{"line":19,"column":14}},"19":{"start":{"line":20,"column":0},"end":{"line":20,"column":4}},"20":{"start":{"line":21,"column":0},"end":{"line":21,"column":0}},"21":{"start":{"line":22,"column":0},"end":{"line":22,"column":7}},"22":{"start":{"line":23,"column":0},"end":{"line":23,"column":35}},"23":{"start":{"line":24,"column":0},"end":{"line":24,"column":63}},"24":{"start":{"line":25,"column":0},"end":{"line":25,"column":4}},"25":{"start":{"line":26,"column":0},"end":{"line":26,"column":31}},"26":{"start":{"line":27,"column":0},"end":{"line":27,"column":59}},"27":{"start":{"line":28,"column":0},"end":{"line":28,"column":21}},"28":{"start":{"line":29,"column":0},"end":{"line":29,"column":47}},"29":{"start":{"line":30,"column":0},"end":{"line":30,"column":20}},"30":{"start":{"line":31,"column":0},"end":{"line":31,"column":5}},"31":{"start":{"line":32,"column":0},"end":{"line":32,"column":0}},"32":{"start":{"line":33,"column":0},"end":{"line":33,"column":27}},"33":{"start":{"line":34,"column":0},"end":{"line":34,"column":84}},"34":{"start":{"line":35,"column":0},"end":{"line":35,"column":4}},"35":{"start":{"line":36,"column":0},"end":{"line":36,"column":41}},"36":{"start":{"line":37,"column":0},"end":{"line":37,"column":83}},"37":{"start":{"line":38,"column":0},"end":{"line":38,"column":89}},"38":{"start":{"line":39,"column":0},"end":{"line":39,"column":6}},"39":{"start":{"line":40,"column":0},"end":{"line":40,"column":24}},"40":{"start":{"line":41,"column":0},"end":{"line":41,"column":56}},"41":{"start":{"line":42,"column":0},"end":{"line":42,"column":15}},"42":{"start":{"line":43,"column":0},"end":{"line":43,"column":7}},"43":{"start":{"line":44,"column":0},"end":{"line":44,"column":0}},"44":{"start":{"line":45,"column":0},"end":{"line":45,"column":27}},"45":{"start":{"line":46,"column":0},"end":{"line":46,"column":53}},"46":{"start":{"line":47,"column":0},"end":{"line":47,"column":78}},"47":{"start":{"line":48,"column":0},"end":{"line":48,"column":6}},"48":{"start":{"line":49,"column":0},"end":{"line":49,"column":41}},"49":{"start":{"line":50,"column":0},"end":{"line":50,"column":137}},"50":{"start":{"line":51,"column":0},"end":{"line":51,"column":8}},"51":{"start":{"line":52,"column":0},"end":{"line":52,"column":40}},"52":{"start":{"line":53,"column":0},"end":{"line":53,"column":103}},"53":{"start":{"line":54,"column":0},"end":{"line":54,"column":66}},"54":{"start":{"line":55,"column":0},"end":{"line":55,"column":10}},"55":{"start":{"line":56,"column":0},"end":{"line":56,"column":49}},"56":{"start":{"line":57,"column":0},"end":{"line":57,"column":48}},"57":{"start":{"line":58,"column":0},"end":{"line":58,"column":35}},"58":{"start":{"line":59,"column":0},"end":{"line":59,"column":43}},"59":{"start":{"line":60,"column":0},"end":{"line":60,"column":43}},"60":{"start":{"line":61,"column":0},"end":{"line":61,"column":44}},"61":{"start":{"line":62,"column":0},"end":{"line":62,"column":47}},"62":{"start":{"line":63,"column":0},"end":{"line":63,"column":52}},"63":{"start":{"line":64,"column":0},"end":{"line":64,"column":20}},"64":{"start":{"line":65,"column":0},"end":{"line":65,"column":44}},"65":{"start":{"line":66,"column":0},"end":{"line":66,"column":13}},"66":{"start":{"line":67,"column":0},"end":{"line":67,"column":11}},"67":{"start":{"line":68,"column":0},"end":{"line":68,"column":11}},"68":{"start":{"line":69,"column":0},"end":{"line":69,"column":9}},"69":{"start":{"line":70,"column":0},"end":{"line":70,"column":0}},"70":{"start":{"line":71,"column":0},"end":{"line":71,"column":28}},"71":{"start":{"line":72,"column":0},"end":{"line":72,"column":42}},"72":{"start":{"line":73,"column":0},"end":{"line":73,"column":27}},"73":{"start":{"line":74,"column":0},"end":{"line":74,"column":57}},"74":{"start":{"line":75,"column":0},"end":{"line":75,"column":19}},"75":{"start":{"line":76,"column":0},"end":{"line":76,"column":8}},"76":{"start":{"line":77,"column":0},"end":{"line":77,"column":0}},"77":{"start":{"line":78,"column":0},"end":{"line":78,"column":40}},"78":{"start":{"line":79,"column":0},"end":{"line":79,"column":7}},"79":{"start":{"line":80,"column":0},"end":{"line":80,"column":0}},"80":{"start":{"line":81,"column":0},"end":{"line":81,"column":38}},"81":{"start":{"line":82,"column":0},"end":{"line":82,"column":65}},"82":{"start":{"line":83,"column":0},"end":{"line":83,"column":5}},"83":{"start":{"line":84,"column":0},"end":{"line":84,"column":0}},"84":{"start":{"line":85,"column":0},"end":{"line":85,"column":19}},"85":{"start":{"line":86,"column":0},"end":{"line":86,"column":67}},"86":{"start":{"line":87,"column":0},"end":{"line":87,"column":3}},"87":{"start":{"line":88,"column":0},"end":{"line":88,"column":0}},"88":{"start":{"line":89,"column":0},"end":{"line":89,"column":16}},"89":{"start":{"line":90,"column":0},"end":{"line":90,"column":1}},"90":{"start":{"line":91,"column":0},"end":{"line":91,"column":0}},"91":{"start":{"line":92,"column":0},"end":{"line":92,"column":3}},"92":{"start":{"line":93,"column":0},"end":{"line":93,"column":24}},"93":{"start":{"line":94,"column":0},"end":{"line":94,"column":3}},"94":{"start":{"line":95,"column":0},"end":{"line":95,"column":86}},"95":{"start":{"line":96,"column":0},"end":{"line":96,"column":30}},"96":{"start":{"line":97,"column":0},"end":{"line":97,"column":0}},"97":{"start":{"line":98,"column":0},"end":{"line":98,"column":7}},"98":{"start":{"line":99,"column":0},"end":{"line":99,"column":35}},"99":{"start":{"line":100,"column":0},"end":{"line":100,"column":63}},"100":{"start":{"line":101,"column":0},"end":{"line":101,"column":4}},"101":{"start":{"line":102,"column":0},"end":{"line":102,"column":59}},"102":{"start":{"line":103,"column":0},"end":{"line":103,"column":21}},"103":{"start":{"line":104,"column":0},"end":{"line":104,"column":40}},"104":{"start":{"line":105,"column":0},"end":{"line":105,"column":38}},"105":{"start":{"line":106,"column":0},"end":{"line":106,"column":5}},"106":{"start":{"line":107,"column":0},"end":{"line":107,"column":0}},"107":{"start":{"line":108,"column":0},"end":{"line":108,"column":29}},"108":{"start":{"line":109,"column":0},"end":{"line":109,"column":56}},"109":{"start":{"line":110,"column":0},"end":{"line":110,"column":23}},"110":{"start":{"line":111,"column":0},"end":{"line":111,"column":50}},"111":{"start":{"line":112,"column":0},"end":{"line":112,"column":5}},"112":{"start":{"line":113,"column":0},"end":{"line":113,"column":0}},"113":{"start":{"line":114,"column":0},"end":{"line":114,"column":29}},"114":{"start":{"line":115,"column":0},"end":{"line":115,"column":84}},"115":{"start":{"line":116,"column":0},"end":{"line":116,"column":35}},"116":{"start":{"line":117,"column":0},"end":{"line":117,"column":57}},"117":{"start":{"line":118,"column":0},"end":{"line":118,"column":5}},"118":{"start":{"line":119,"column":0},"end":{"line":119,"column":0}},"119":{"start":{"line":120,"column":0},"end":{"line":120,"column":50}},"120":{"start":{"line":121,"column":0},"end":{"line":121,"column":0}},"121":{"start":{"line":122,"column":0},"end":{"line":122,"column":19}},"122":{"start":{"line":123,"column":0},"end":{"line":123,"column":65}},"123":{"start":{"line":124,"column":0},"end":{"line":124,"column":36}},"124":{"start":{"line":125,"column":0},"end":{"line":125,"column":3}},"125":{"start":{"line":126,"column":0},"end":{"line":126,"column":1}},"126":{"start":{"line":127,"column":0},"end":{"line":127,"column":0}},"127":{"start":{"line":128,"column":0},"end":{"line":128,"column":3}},"128":{"start":{"line":129,"column":0},"end":{"line":129,"column":51}},"129":{"start":{"line":130,"column":0},"end":{"line":130,"column":3}},"130":{"start":{"line":131,"column":0},"end":{"line":131,"column":56}},"131":{"start":{"line":132,"column":0},"end":{"line":132,"column":49}},"132":{"start":{"line":133,"column":0},"end":{"line":133,"column":46}},"133":{"start":{"line":134,"column":0},"end":{"line":134,"column":33}},"134":{"start":{"line":135,"column":0},"end":{"line":135,"column":1}},"135":{"start":{"line":136,"column":0},"end":{"line":136,"column":0}},"136":{"start":{"line":137,"column":0},"end":{"line":137,"column":3}},"137":{"start":{"line":138,"column":0},"end":{"line":138,"column":34}},"138":{"start":{"line":139,"column":0},"end":{"line":139,"column":3}},"139":{"start":{"line":140,"column":0},"end":{"line":140,"column":81}},"140":{"start":{"line":141,"column":0},"end":{"line":141,"column":37}},"141":{"start":{"line":142,"column":0},"end":{"line":142,"column":2}},"142":{"start":{"line":143,"column":0},"end":{"line":143,"column":33}},"143":{"start":{"line":144,"column":0},"end":{"line":144,"column":71}},"144":{"start":{"line":145,"column":0},"end":{"line":145,"column":3}},"145":{"start":{"line":146,"column":0},"end":{"line":146,"column":0}},"146":{"start":{"line":147,"column":0},"end":{"line":147,"column":46}},"147":{"start":{"line":148,"column":0},"end":{"line":148,"column":26}},"148":{"start":{"line":149,"column":0},"end":{"line":149,"column":30}},"149":{"start":{"line":150,"column":0},"end":{"line":150,"column":43}},"150":{"start":{"line":151,"column":0},"end":{"line":151,"column":4}},"151":{"start":{"line":152,"column":0},"end":{"line":152,"column":0}},"152":{"start":{"line":153,"column":0},"end":{"line":153,"column":38}},"153":{"start":{"line":154,"column":0},"end":{"line":154,"column":69}},"154":{"start":{"line":155,"column":0},"end":{"line":155,"column":30}},"155":{"start":{"line":156,"column":0},"end":{"line":156,"column":36}},"156":{"start":{"line":157,"column":0},"end":{"line":157,"column":6}},"157":{"start":{"line":158,"column":0},"end":{"line":158,"column":5}},"158":{"start":{"line":159,"column":0},"end":{"line":159,"column":0}},"159":{"start":{"line":160,"column":0},"end":{"line":160,"column":19}},"160":{"start":{"line":161,"column":0},"end":{"line":161,"column":1}}},"s":{"0":1,"1":1,"2":1,"3":1,"4":1,"5":1,"6":1,"7":1,"8":1,"9":1,"10":1,"11":1,"12":1,"13":1,"14":1,"15":1,"16":0,"17":0,"18":0,"19":0,"20":0,"21":0,"22":0,"23":0,"24":0,"25":0,"26":0,"27":0,"28":0,"29":0,"30":0,"31":0,"32":0,"33":0,"34":0,"35":0,"36":0,"37":0,"38":0,"39":0,"40":0,"41":0,"42":0,"43":0,"44":0,"45":0,"46":0,"47":0,"48":0,"49":0,"50":0,"51":0,"52":0,"53":0,"54":0,"55":0,"56":0,"57":0,"58":0,"59":0,"60":0,"61":0,"62":0,"63":0,"64":0,"65":0,"66":0,"67":0,"68":0,"69":0,"70":0,"71":0,"72":0,"73":0,"74":0,"75":0,"76":0,"77":0,"78":0,"79":0,"80":0,"81":0,"82":0,"83":0,"84":0,"85":0,"86":0,"87":0,"88":0,"89":0,"90":1,"91":1,"92":1,"93":1,"94":1,"95":0,"96":0,"97":0,"98":0,"99":0,"100":0,"101":0,"102":0,"103":0,"104":0,"105":0,"106":0,"107":0,"108":0,"109":0,"110":0,"111":0,"112":0,"113":0,"114":0,"115":0,"116":0,"117":0,"118":0,"119":0,"120":0,"121":0,"122":0,"123":0,"124":0,"125":0,"126":1,"127":1,"128":1,"129":1,"130":0,"131":0,"132":0,"133":0,"134":0,"135":1,"136":1,"137":1,"138":1,"139":1,"140":0,"141":0,"142":0,"143":0,"144":0,"145":0,"146":0,"147":0,"148":0,"149":0,"150":0,"151":0,"152":0,"153":0,"154":0,"155":0,"156":0,"157":0,"158":0,"159":0,"160":0},"branchMap":{},"b":{},"fnMap":{"0":{"name":"parseArxml","decl":{"start":{"line":16,"column":7},"end":{"line":90,"column":1}},"loc":{"start":{"line":16,"column":7},"end":{"line":90,"column":1}},"line":16},"1":{"name":"validateArxml","decl":{"start":{"line":95,"column":7},"end":{"line":126,"column":1}},"loc":{"start":{"line":95,"column":7},"end":{"line":126,"column":1}},"line":95},"2":{"name":"extractVersion","decl":{"start":{"line":131,"column":0},"end":{"line":135,"column":1}},"loc":{"start":{"line":131,"column":0},"end":{"line":135,"column":1}},"line":131},"3":{"name":"convertArxmlToYuleasr","decl":{"start":{"line":140,"column":7},"end":{"line":161,"column":1}},"loc":{"start":{"line":140,"column":7},"end":{"line":161,"column":1}},"line":140}},"f":{"0":0,"1":0,"2":0,"3":0}}
,"/Users/stefan/.openclaw/workspace/yuleASR-Configurator/packages/@yuletech/core/src/adapters/yuleasr-adapter.ts": {"path":"/Users/stefan/.openclaw/workspace/yuleASR-Configurator/packages/@yuletech/core/src/adapters/yuleasr-adapter.ts","all":false,"statementMap":{"0":{"start":{"line":1,"column":0},"end":{"line":1,"column":3}},"1":{"start":{"line":2,"column":0},"end":{"line":2,"column":18}},"2":{"start":{"line":3,"column":0},"end":{"line":3,"column":47}},"3":{"start":{"line":4,"column":0},"end":{"line":4,"column":42}},"4":{"start":{"line":5,"column":0},"end":{"line":5,"column":3}},"5":{"start":{"line":6,"column":0},"end":{"line":6,"column":0}},"6":{"start":{"line":7,"column":0},"end":{"line":7,"column":45}},"7":{"start":{"line":8,"column":0},"end":{"line":8,"column":0}},"8":{"start":{"line":9,"column":0},"end":{"line":9,"column":59}},"9":{"start":{"line":10,"column":0},"end":{"line":10,"column":0}},"10":{"start":{"line":11,"column":0},"end":{"line":11,"column":3}},"11":{"start":{"line":12,"column":0},"end":{"line":12,"column":17}},"12":{"start":{"line":13,"column":0},"end":{"line":13,"column":3}},"13":{"start":{"line":14,"column":0},"end":{"line":14,"column":38}},"14":{"start":{"line":15,"column":0},"end":{"line":15,"column":15}},"15":{"start":{"line":16,"column":0},"end":{"line":16,"column":19}},"16":{"start":{"line":17,"column":0},"end":{"line":17,"column":18}},"17":{"start":{"line":18,"column":0},"end":{"line":18,"column":38}},"18":{"start":{"line":19,"column":0},"end":{"line":19,"column":25}},"19":{"start":{"line":20,"column":0},"end":{"line":20,"column":1}},"20":{"start":{"line":21,"column":0},"end":{"line":21,"column":0}},"21":{"start":{"line":22,"column":0},"end":{"line":22,"column":3}},"22":{"start":{"line":23,"column":0},"end":{"line":23,"column":20}},"23":{"start":{"line":24,"column":0},"end":{"line":24,"column":3}},"24":{"start":{"line":25,"column":0},"end":{"line":25,"column":35}},"25":{"start":{"line":26,"column":0},"end":{"line":26,"column":18}},"26":{"start":{"line":27,"column":0},"end":{"line":27,"column":47}},"27":{"start":{"line":28,"column":0},"end":{"line":28,"column":1}},"28":{"start":{"line":29,"column":0},"end":{"line":29,"column":0}},"29":{"start":{"line":30,"column":0},"end":{"line":30,"column":3}},"30":{"start":{"line":31,"column":0},"end":{"line":31,"column":16}},"31":{"start":{"line":32,"column":0},"end":{"line":32,"column":3}},"32":{"start":{"line":33,"column":0},"end":{"line":33,"column":29}},"33":{"start":{"line":34,"column":0},"end":{"line":34,"column":34}},"34":{"start":{"line":35,"column":0},"end":{"line":35,"column":0}},"35":{"start":{"line":36,"column":0},"end":{"line":36,"column":5}},"36":{"start":{"line":37,"column":0},"end":{"line":37,"column":24}},"37":{"start":{"line":38,"column":0},"end":{"line":38,"column":5}},"38":{"start":{"line":39,"column":0},"end":{"line":39,"column":57}},"39":{"start":{"line":40,"column":0},"end":{"line":40,"column":63}},"40":{"start":{"line":41,"column":0},"end":{"line":41,"column":39}},"41":{"start":{"line":42,"column":0},"end":{"line":42,"column":0}},"42":{"start":{"line":43,"column":0},"end":{"line":43,"column":79}},"43":{"start":{"line":44,"column":0},"end":{"line":44,"column":77}},"44":{"start":{"line":45,"column":0},"end":{"line":45,"column":33}},"45":{"start":{"line":46,"column":0},"end":{"line":46,"column":5}},"46":{"start":{"line":47,"column":0},"end":{"line":47,"column":0}},"47":{"start":{"line":48,"column":0},"end":{"line":48,"column":19}},"48":{"start":{"line":49,"column":0},"end":{"line":49,"column":3}},"49":{"start":{"line":50,"column":0},"end":{"line":50,"column":0}},"50":{"start":{"line":51,"column":0},"end":{"line":51,"column":5}},"51":{"start":{"line":52,"column":0},"end":{"line":52,"column":24}},"52":{"start":{"line":53,"column":0},"end":{"line":53,"column":5}},"53":{"start":{"line":54,"column":0},"end":{"line":54,"column":52}},"54":{"start":{"line":55,"column":0},"end":{"line":55,"column":41}},"55":{"start":{"line":56,"column":0},"end":{"line":56,"column":34}},"56":{"start":{"line":57,"column":0},"end":{"line":57,"column":18}},"57":{"start":{"line":58,"column":0},"end":{"line":58,"column":6}},"58":{"start":{"line":59,"column":0},"end":{"line":59,"column":0}},"59":{"start":{"line":60,"column":0},"end":{"line":60,"column":35}},"60":{"start":{"line":61,"column":0},"end":{"line":61,"column":77}},"61":{"start":{"line":62,"column":0},"end":{"line":62,"column":5}},"62":{"start":{"line":63,"column":0},"end":{"line":63,"column":0}},"63":{"start":{"line":64,"column":0},"end":{"line":64,"column":46}},"64":{"start":{"line":65,"column":0},"end":{"line":65,"column":3}},"65":{"start":{"line":66,"column":0},"end":{"line":66,"column":0}},"66":{"start":{"line":67,"column":0},"end":{"line":67,"column":5}},"67":{"start":{"line":68,"column":0},"end":{"line":68,"column":25}},"68":{"start":{"line":69,"column":0},"end":{"line":69,"column":5}},"69":{"start":{"line":70,"column":0},"end":{"line":70,"column":31}},"70":{"start":{"line":71,"column":0},"end":{"line":71,"column":23}},"71":{"start":{"line":72,"column":0},"end":{"line":72,"column":38}},"72":{"start":{"line":73,"column":0},"end":{"line":73,"column":19}},"73":{"start":{"line":74,"column":0},"end":{"line":74,"column":51}},"74":{"start":{"line":75,"column":0},"end":{"line":75,"column":0}},"75":{"start":{"line":76,"column":0},"end":{"line":76,"column":13}},"76":{"start":{"line":77,"column":0},"end":{"line":77,"column":80}},"77":{"start":{"line":78,"column":0},"end":{"line":78,"column":30}},"78":{"start":{"line":79,"column":0},"end":{"line":79,"column":5}},"79":{"start":{"line":80,"column":0},"end":{"line":80,"column":0}},"80":{"start":{"line":81,"column":0},"end":{"line":81,"column":35}},"81":{"start":{"line":82,"column":0},"end":{"line":82,"column":79}},"82":{"start":{"line":83,"column":0},"end":{"line":83,"column":63}},"83":{"start":{"line":84,"column":0},"end":{"line":84,"column":35}},"84":{"start":{"line":85,"column":0},"end":{"line":85,"column":32}},"85":{"start":{"line":86,"column":0},"end":{"line":86,"column":7}},"86":{"start":{"line":87,"column":0},"end":{"line":87,"column":5}},"87":{"start":{"line":88,"column":0},"end":{"line":88,"column":0}},"88":{"start":{"line":89,"column":0},"end":{"line":89,"column":12}},"89":{"start":{"line":90,"column":0},"end":{"line":90,"column":25}},"90":{"start":{"line":91,"column":0},"end":{"line":91,"column":48}},"91":{"start":{"line":92,"column":0},"end":{"line":92,"column":17}},"92":{"start":{"line":93,"column":0},"end":{"line":93,"column":6}},"93":{"start":{"line":94,"column":0},"end":{"line":94,"column":3}},"94":{"start":{"line":95,"column":0},"end":{"line":95,"column":0}},"95":{"start":{"line":96,"column":0},"end":{"line":96,"column":5}},"96":{"start":{"line":97,"column":0},"end":{"line":97,"column":25}},"97":{"start":{"line":98,"column":0},"end":{"line":98,"column":5}},"98":{"start":{"line":99,"column":0},"end":{"line":99,"column":77}},"99":{"start":{"line":100,"column":0},"end":{"line":100,"column":48}},"100":{"start":{"line":101,"column":0},"end":{"line":101,"column":26}},"101":{"start":{"line":102,"column":0},"end":{"line":102,"column":20}},"102":{"start":{"line":103,"column":0},"end":{"line":103,"column":41}},"103":{"start":{"line":104,"column":0},"end":{"line":104,"column":21}},"104":{"start":{"line":105,"column":0},"end":{"line":105,"column":6}},"105":{"start":{"line":106,"column":0},"end":{"line":106,"column":0}},"106":{"start":{"line":107,"column":0},"end":{"line":107,"column":11}},"107":{"start":{"line":108,"column":0},"end":{"line":108,"column":67}},"108":{"start":{"line":109,"column":0},"end":{"line":109,"column":44}},"109":{"start":{"line":110,"column":0},"end":{"line":110,"column":0}},"110":{"start":{"line":111,"column":0},"end":{"line":111,"column":15}},"111":{"start":{"line":112,"column":0},"end":{"line":112,"column":38}},"112":{"start":{"line":113,"column":0},"end":{"line":113,"column":56}},"113":{"start":{"line":114,"column":0},"end":{"line":114,"column":7}},"114":{"start":{"line":115,"column":0},"end":{"line":115,"column":33}},"115":{"start":{"line":116,"column":0},"end":{"line":116,"column":51}},"116":{"start":{"line":117,"column":0},"end":{"line":117,"column":7}},"117":{"start":{"line":118,"column":0},"end":{"line":118,"column":31}},"118":{"start":{"line":119,"column":0},"end":{"line":119,"column":49}},"119":{"start":{"line":120,"column":0},"end":{"line":120,"column":7}},"120":{"start":{"line":121,"column":0},"end":{"line":121,"column":39}},"121":{"start":{"line":122,"column":0},"end":{"line":122,"column":57}},"122":{"start":{"line":123,"column":0},"end":{"line":123,"column":7}},"123":{"start":{"line":124,"column":0},"end":{"line":124,"column":5}},"124":{"start":{"line":125,"column":0},"end":{"line":125,"column":0}},"125":{"start":{"line":126,"column":0},"end":{"line":126,"column":25}},"126":{"start":{"line":127,"column":0},"end":{"line":127,"column":3}},"127":{"start":{"line":128,"column":0},"end":{"line":128,"column":0}},"128":{"start":{"line":129,"column":0},"end":{"line":129,"column":5}},"129":{"start":{"line":130,"column":0},"end":{"line":130,"column":24}},"130":{"start":{"line":131,"column":0},"end":{"line":131,"column":5}},"131":{"start":{"line":132,"column":0},"end":{"line":132,"column":83}},"132":{"start":{"line":133,"column":0},"end":{"line":133,"column":32}},"133":{"start":{"line":134,"column":0},"end":{"line":134,"column":0}},"134":{"start":{"line":135,"column":0},"end":{"line":135,"column":9}},"135":{"start":{"line":136,"column":0},"end":{"line":136,"column":64}},"136":{"start":{"line":137,"column":0},"end":{"line":137,"column":0}},"137":{"start":{"line":138,"column":0},"end":{"line":138,"column":98}},"138":{"start":{"line":139,"column":0},"end":{"line":139,"column":57}},"139":{"start":{"line":140,"column":0},"end":{"line":140,"column":7}},"140":{"start":{"line":141,"column":0},"end":{"line":141,"column":0}},"141":{"start":{"line":142,"column":0},"end":{"line":142,"column":110}},"142":{"start":{"line":143,"column":0},"end":{"line":143,"column":57}},"143":{"start":{"line":144,"column":0},"end":{"line":144,"column":7}},"144":{"start":{"line":145,"column":0},"end":{"line":145,"column":0}},"145":{"start":{"line":146,"column":0},"end":{"line":146,"column":84}},"146":{"start":{"line":147,"column":0},"end":{"line":147,"column":31}},"147":{"start":{"line":148,"column":0},"end":{"line":148,"column":60}},"148":{"start":{"line":149,"column":0},"end":{"line":149,"column":9}},"149":{"start":{"line":150,"column":0},"end":{"line":150,"column":7}},"150":{"start":{"line":151,"column":0},"end":{"line":151,"column":21}},"151":{"start":{"line":152,"column":0},"end":{"line":152,"column":95}},"152":{"start":{"line":153,"column":0},"end":{"line":153,"column":5}},"153":{"start":{"line":154,"column":0},"end":{"line":154,"column":0}},"154":{"start":{"line":155,"column":0},"end":{"line":155,"column":12}},"155":{"start":{"line":156,"column":0},"end":{"line":156,"column":33}},"156":{"start":{"line":157,"column":0},"end":{"line":157,"column":13}},"157":{"start":{"line":158,"column":0},"end":{"line":158,"column":6}},"158":{"start":{"line":159,"column":0},"end":{"line":159,"column":3}},"159":{"start":{"line":160,"column":0},"end":{"line":160,"column":0}},"160":{"start":{"line":161,"column":0},"end":{"line":161,"column":5}},"161":{"start":{"line":162,"column":0},"end":{"line":162,"column":17}},"162":{"start":{"line":163,"column":0},"end":{"line":163,"column":5}},"163":{"start":{"line":164,"column":0},"end":{"line":164,"column":57}},"164":{"start":{"line":165,"column":0},"end":{"line":165,"column":44}},"165":{"start":{"line":166,"column":0},"end":{"line":166,"column":4}},"166":{"start":{"line":167,"column":0},"end":{"line":167,"column":35}},"167":{"start":{"line":168,"column":0},"end":{"line":168,"column":73}},"168":{"start":{"line":169,"column":0},"end":{"line":169,"column":5}},"169":{"start":{"line":170,"column":0},"end":{"line":170,"column":0}},"170":{"start":{"line":171,"column":0},"end":{"line":171,"column":26}},"171":{"start":{"line":172,"column":0},"end":{"line":172,"column":3}},"172":{"start":{"line":173,"column":0},"end":{"line":173,"column":0}},"173":{"start":{"line":174,"column":0},"end":{"line":174,"column":5}},"174":{"start":{"line":175,"column":0},"end":{"line":175,"column":16}},"175":{"start":{"line":176,"column":0},"end":{"line":176,"column":5}},"176":{"start":{"line":177,"column":0},"end":{"line":177,"column":83}},"177":{"start":{"line":178,"column":0},"end":{"line":178,"column":39}},"178":{"start":{"line":179,"column":0},"end":{"line":179,"column":3}},"179":{"start":{"line":180,"column":0},"end":{"line":180,"column":1}},"180":{"start":{"line":181,"column":0},"end":{"line":181,"column":0}},"181":{"start":{"line":182,"column":0},"end":{"line":182,"column":10}},"182":{"start":{"line":183,"column":0},"end":{"line":183,"column":51}},"183":{"start":{"line":184,"column":0},"end":{"line":184,"column":0}},"184":{"start":{"line":185,"column":0},"end":{"line":185,"column":30}}},"s":{"0":1,"1":1,"2":1,"3":1,"4":1,"5":1,"6":1,"7":1,"8":1,"9":1,"10":1,"11":1,"12":1,"13":1,"14":1,"15":1,"16":1,"17":1,"18":1,"19":1,"20":1,"21":1,"22":1,"23":1,"24":1,"25":1,"26":1,"27":1,"28":1,"29":1,"30":1,"31":1,"32":1,"33":1,"34":1,"35":1,"36":1,"37":1,"38":1,"39":3,"40":3,"41":3,"42":3,"43":4,"44":4,"45":4,"46":3,"47":3,"48":3,"49":1,"50":1,"51":1,"52":1,"53":1,"54":2,"55":2,"56":2,"57":2,"58":2,"59":2,"60":2,"61":2,"62":2,"63":2,"64":2,"65":1,"66":1,"67":1,"68":1,"69":1,"70":4,"71":4,"72":4,"73":4,"74":4,"75":4,"76":4,"77":0,"78":0,"79":4,"80":4,"81":4,"82":4,"83":28,"84":12,"85":12,"86":28,"87":4,"88":4,"89":4,"90":4,"91":4,"92":4,"93":4,"94":1,"95":1,"96":1,"97":1,"98":1,"99":2,"100":2,"101":2,"102":2,"103":2,"104":2,"105":2,"106":2,"107":2,"108":8,"109":8,"110":8,"111":8,"112":1,"113":1,"114":8,"115":1,"116":1,"117":8,"118":0,"119":0,"120":8,"121":0,"122":0,"123":8,"124":2,"125":2,"126":2,"127":1,"128":1,"129":1,"130":1,"131":1,"132":4,"133":4,"134":4,"135":4,"136":4,"137":4,"138":1,"139":1,"140":4,"141":4,"142":2,"143":2,"144":4,"145":4,"146":3,"147":0,"148":0,"149":3,"150":4,"151":0,"152":0,"153":4,"154":4,"155":4,"156":4,"157":4,"158":4,"159":1,"160":1,"161":1,"162":1,"163":1,"164":0,"165":0,"166":0,"167":0,"168":0,"169":0,"170":0,"171":0,"172":1,"173":1,"174":1,"175":1,"176":1,"177":0,"178":0,"179":1,"180":1,"181":1,"182":1,"183":1,"184":1},"branchMap":{"0":{"type":"branch","line":34,"loc":{"start":{"line":34,"column":10},"end":{"line":34,"column":34}},"locations":[{"start":{"line":34,"column":10},"end":{"line":34,"column":34}}]},"1":{"type":"branch","line":39,"loc":{"start":{"line":39,"column":2},"end":{"line":49,"column":3}},"locations":[{"start":{"line":39,"column":2},"end":{"line":49,"column":3}}]},"2":{"type":"branch","line":43,"loc":{"start":{"line":43,"column":78},"end":{"line":46,"column":5}},"locations":[{"start":{"line":43,"column":78},"end":{"line":46,"column":5}}]},"3":{"type":"branch","line":54,"loc":{"start":{"line":54,"column":2},"end":{"line":65,"column":3}},"locations":[{"start":{"line":54,"column":2},"end":{"line":65,"column":3}}]},"4":{"type":"branch","line":70,"loc":{"start":{"line":70,"column":10},"end":{"line":94,"column":3}},"locations":[{"start":{"line":70,"column":10},"end":{"line":94,"column":3}}]},"5":{"type":"branch","line":77,"loc":{"start":{"line":77,"column":60},"end":{"line":77,"column":76}},"locations":[{"start":{"line":77,"column":60},"end":{"line":77,"column":76}}]},"6":{"type":"branch","line":77,"loc":{"start":{"line":77,"column":79},"end":{"line":79,"column":5}},"locations":[{"start":{"line":77,"column":79},"end":{"line":79,"column":5}}]},"7":{"type":"branch","line":83,"loc":{"start":{"line":83,"column":62},"end":{"line":87,"column":5}},"locations":[{"start":{"line":83,"column":62},"end":{"line":87,"column":5}}]},"8":{"type":"branch","line":84,"loc":{"start":{"line":84,"column":34},"end":{"line":86,"column":7}},"locations":[{"start":{"line":84,"column":34},"end":{"line":86,"column":7}}]},"9":{"type":"branch","line":91,"loc":{"start":{"line":91,"column":29},"end":{"line":91,"column":48}},"locations":[{"start":{"line":91,"column":29},"end":{"line":91,"column":48}}]},"10":{"type":"branch","line":99,"loc":{"start":{"line":99,"column":10},"end":{"line":127,"column":3}},"locations":[{"start":{"line":99,"column":10},"end":{"line":127,"column":3}}]},"11":{"type":"branch","line":103,"loc":{"start":{"line":103,"column":22},"end":{"line":103,"column":41}},"locations":[{"start":{"line":103,"column":22},"end":{"line":103,"column":41}}]},"12":{"type":"branch","line":108,"loc":{"start":{"line":108,"column":66},"end":{"line":124,"column":5}},"locations":[{"start":{"line":108,"column":66},"end":{"line":124,"column":5}}]},"13":{"type":"branch","line":112,"loc":{"start":{"line":112,"column":37},"end":{"line":114,"column":7}},"locations":[{"start":{"line":112,"column":37},"end":{"line":114,"column":7}}]},"14":{"type":"branch","line":115,"loc":{"start":{"line":115,"column":32},"end":{"line":117,"column":7}},"locations":[{"start":{"line":115,"column":32},"end":{"line":117,"column":7}}]},"15":{"type":"branch","line":118,"loc":{"start":{"line":118,"column":30},"end":{"line":120,"column":7}},"locations":[{"start":{"line":118,"column":30},"end":{"line":120,"column":7}}]},"16":{"type":"branch","line":121,"loc":{"start":{"line":121,"column":38},"end":{"line":123,"column":7}},"locations":[{"start":{"line":121,"column":38},"end":{"line":123,"column":7}}]},"17":{"type":"branch","line":132,"loc":{"start":{"line":132,"column":2},"end":{"line":159,"column":3}},"locations":[{"start":{"line":132,"column":2},"end":{"line":159,"column":3}}]},"18":{"type":"branch","line":138,"loc":{"start":{"line":138,"column":18},"end":{"line":138,"column":67}},"locations":[{"start":{"line":138,"column":18},"end":{"line":138,"column":67}}]},"19":{"type":"branch","line":138,"loc":{"start":{"line":138,"column":55},"end":{"line":138,"column":97}},"locations":[{"start":{"line":138,"column":55},"end":{"line":138,"column":97}}]},"20":{"type":"branch","line":138,"loc":{"start":{"line":138,"column":97},"end":{"line":140,"column":7}},"locations":[{"start":{"line":138,"column":97},"end":{"line":140,"column":7}}]},"21":{"type":"branch","line":142,"loc":{"start":{"line":142,"column":18},"end":{"line":142,"column":67}},"locations":[{"start":{"line":142,"column":18},"end":{"line":142,"column":67}}]},"22":{"type":"branch","line":142,"loc":{"start":{"line":142,"column":55},"end":{"line":142,"column":109}},"locations":[{"start":{"line":142,"column":55},"end":{"line":142,"column":109}}]},"23":{"type":"branch","line":142,"loc":{"start":{"line":142,"column":109},"end":{"line":144,"column":7}},"locations":[{"start":{"line":142,"column":109},"end":{"line":144,"column":7}}]},"24":{"type":"branch","line":146,"loc":{"start":{"line":146,"column":67},"end":{"line":146,"column":80}},"locations":[{"start":{"line":146,"column":67},"end":{"line":146,"column":80}}]},"25":{"type":"branch","line":146,"loc":{"start":{"line":146,"column":83},"end":{"line":150,"column":7}},"locations":[{"start":{"line":146,"column":83},"end":{"line":150,"column":7}}]},"26":{"type":"branch","line":147,"loc":{"start":{"line":147,"column":30},"end":{"line":149,"column":9}},"locations":[{"start":{"line":147,"column":30},"end":{"line":149,"column":9}}]},"27":{"type":"branch","line":151,"loc":{"start":{"line":151,"column":4},"end":{"line":153,"column":5}},"locations":[{"start":{"line":151,"column":4},"end":{"line":153,"column":5}}]}},"b":{"0":[2],"1":[3],"2":[4],"3":[2],"4":[4],"5":[0],"6":[0],"7":[28],"8":[12],"9":[0],"10":[2],"11":[0],"12":[8],"13":[1],"14":[1],"15":[0],"16":[0],"17":[4],"18":[3],"19":[3],"20":[1],"21":[3],"22":[3],"23":[2],"24":[1],"25":[3],"26":[0],"27":[0]},"fnMap":{"0":{"name":"<instance_members_initializer>","decl":{"start":{"line":34,"column":10},"end":{"line":34,"column":34}},"loc":{"start":{"line":34,"column":10},"end":{"line":34,"column":34}},"line":34},"1":{"name":"importFromYuleasr","decl":{"start":{"line":39,"column":2},"end":{"line":49,"column":3}},"loc":{"start":{"line":39,"column":2},"end":{"line":49,"column":3}},"line":39},"2":{"name":"exportToYuleasr","decl":{"start":{"line":54,"column":2},"end":{"line":65,"column":3}},"loc":{"start":{"line":54,"column":2},"end":{"line":65,"column":3}},"line":54},"3":{"name":"convertYuleasrModule","decl":{"start":{"line":70,"column":10},"end":{"line":94,"column":3}},"loc":{"start":{"line":70,"column":10},"end":{"line":94,"column":3}},"line":70},"4":{"name":"convertToYuleasrModule","decl":{"start":{"line":99,"column":10},"end":{"line":127,"column":3}},"loc":{"start":{"line":99,"column":10},"end":{"line":127,"column":3}},"line":99},"5":{"name":"validateYuleasrConfig","decl":{"start":{"line":132,"column":2},"end":{"line":159,"column":3}},"loc":{"start":{"line":132,"column":2},"end":{"line":159,"column":3}},"line":132},"6":{"name":"importFromArxml","decl":{"start":{"line":164,"column":2},"end":{"line":172,"column":3}},"loc":{"start":{"line":164,"column":2},"end":{"line":172,"column":3}},"line":164},"7":{"name":"validateArxmlConfig","decl":{"start":{"line":177,"column":2},"end":{"line":179,"column":3}},"loc":{"start":{"line":177,"column":2},"end":{"line":179,"column":3}},"line":177}},"f":{"0":2,"1":3,"2":2,"3":4,"4":2,"5":4,"6":0,"7":0}}
,"/Users/stefan/.openclaw/workspace/yuleASR-Configurator/packages/@yuletech/core/src/generator/ecuc-generator.ts": {"path":"/Users/stefan/.openclaw/workspace/yuleASR-Configurator/packages/@yuletech/core/src/generator/ecuc-generator.ts","all":false,"statementMap":{"0":{"start":{"line":1,"column":0},"end":{"line":1,"column":3}},"1":{"start":{"line":2,"column":0},"end":{"line":2,"column":39}},"2":{"start":{"line":3,"column":0},"end":{"line":3,"column":26}},"3":{"start":{"line":4,"column":0},"end":{"line":4,"column":3}},"4":{"start":{"line":5,"column":0},"end":{"line":5,"column":42}},"5":{"start":{"line":6,"column":0},"end":{"line":6,"column":23}},"6":{"start":{"line":7,"column":0},"end":{"line":7,"column":3}},"7":{"start":{"line":8,"column":0},"end":{"line":8,"column":0}},"8":{"start":{"line":9,"column":0},"end":{"line":9,"column":14}},"9":{"start":{"line":10,"column":0},"end":{"line":10,"column":16}},"10":{"start":{"line":11,"column":0},"end":{"line":11,"column":16}},"11":{"start":{"line":12,"column":0},"end":{"line":12,"column":18}},"12":{"start":{"line":13,"column":0},"end":{"line":13,"column":18}},"13":{"start":{"line":14,"column":0},"end":{"line":14,"column":18}},"14":{"start":{"line":15,"column":0},"end":{"line":15,"column":0}},"15":{"start":{"line":16,"column":0},"end":{"line":16,"column":96}},"16":{"start":{"line":17,"column":0},"end":{"line":17,"column":0}},"17":{"start":{"line":18,"column":0},"end":{"line":18,"column":3}},"18":{"start":{"line":19,"column":0},"end":{"line":19,"column":13}},"19":{"start":{"line":20,"column":0},"end":{"line":20,"column":30}},"20":{"start":{"line":21,"column":0},"end":{"line":21,"column":3}},"21":{"start":{"line":22,"column":0},"end":{"line":22,"column":57}},"22":{"start":{"line":23,"column":0},"end":{"line":23,"column":29}},"23":{"start":{"line":24,"column":0},"end":{"line":24,"column":20}},"24":{"start":{"line":25,"column":0},"end":{"line":25,"column":47}},"25":{"start":{"line":26,"column":0},"end":{"line":26,"column":0}},"26":{"start":{"line":27,"column":0},"end":{"line":27,"column":41}},"27":{"start":{"line":28,"column":0},"end":{"line":28,"column":93}},"28":{"start":{"line":29,"column":0},"end":{"line":29,"column":3}},"29":{"start":{"line":30,"column":0},"end":{"line":30,"column":0}},"30":{"start":{"line":31,"column":0},"end":{"line":31,"column":17}},"31":{"start":{"line":32,"column":0},"end":{"line":32,"column":25}},"32":{"start":{"line":33,"column":0},"end":{"line":33,"column":25}},"33":{"start":{"line":34,"column":0},"end":{"line":34,"column":29}},"34":{"start":{"line":35,"column":0},"end":{"line":35,"column":32}},"35":{"start":{"line":36,"column":0},"end":{"line":36,"column":38}},"36":{"start":{"line":37,"column":0},"end":{"line":37,"column":32}},"37":{"start":{"line":38,"column":0},"end":{"line":38,"column":34}},"38":{"start":{"line":39,"column":0},"end":{"line":39,"column":0}},"39":{"start":{"line":40,"column":0},"end":{"line":40,"column":9}},"40":{"start":{"line":41,"column":0},"end":{"line":41,"column":13}},"41":{"start":{"line":42,"column":0},"end":{"line":42,"column":67}},"42":{"start":{"line":43,"column":0},"end":{"line":43,"column":36}},"43":{"start":{"line":44,"column":0},"end":{"line":44,"column":48}},"44":{"start":{"line":45,"column":0},"end":{"line":45,"column":39}},"45":{"start":{"line":46,"column":0},"end":{"line":46,"column":54}},"46":{"start":{"line":47,"column":0},"end":{"line":47,"column":9}},"47":{"start":{"line":48,"column":0},"end":{"line":48,"column":7}},"48":{"start":{"line":49,"column":0},"end":{"line":49,"column":0}},"49":{"start":{"line":50,"column":0},"end":{"line":50,"column":14}},"50":{"start":{"line":51,"column":0},"end":{"line":51,"column":74}},"51":{"start":{"line":52,"column":0},"end":{"line":52,"column":18}},"52":{"start":{"line":53,"column":0},"end":{"line":53,"column":61}},"53":{"start":{"line":54,"column":0},"end":{"line":54,"column":28}},"54":{"start":{"line":55,"column":0},"end":{"line":55,"column":21}},"55":{"start":{"line":56,"column":0},"end":{"line":56,"column":9}},"56":{"start":{"line":57,"column":0},"end":{"line":57,"column":0}},"57":{"start":{"line":58,"column":0},"end":{"line":58,"column":14}},"58":{"start":{"line":59,"column":0},"end":{"line":59,"column":74}},"59":{"start":{"line":60,"column":0},"end":{"line":60,"column":18}},"60":{"start":{"line":61,"column":0},"end":{"line":61,"column":61}},"61":{"start":{"line":62,"column":0},"end":{"line":62,"column":28}},"62":{"start":{"line":63,"column":0},"end":{"line":63,"column":21}},"63":{"start":{"line":64,"column":0},"end":{"line":64,"column":9}},"64":{"start":{"line":65,"column":0},"end":{"line":65,"column":0}},"65":{"start":{"line":66,"column":0},"end":{"line":66,"column":36}},"66":{"start":{"line":67,"column":0},"end":{"line":67,"column":72}},"67":{"start":{"line":68,"column":0},"end":{"line":68,"column":18}},"68":{"start":{"line":69,"column":0},"end":{"line":69,"column":67}},"69":{"start":{"line":70,"column":0},"end":{"line":70,"column":27}},"70":{"start":{"line":71,"column":0},"end":{"line":71,"column":21}},"71":{"start":{"line":72,"column":0},"end":{"line":72,"column":9}},"72":{"start":{"line":73,"column":0},"end":{"line":73,"column":0}},"73":{"start":{"line":74,"column":0},"end":{"line":74,"column":34}},"74":{"start":{"line":75,"column":0},"end":{"line":75,"column":70}},"75":{"start":{"line":76,"column":0},"end":{"line":76,"column":18}},"76":{"start":{"line":77,"column":0},"end":{"line":77,"column":66}},"77":{"start":{"line":78,"column":0},"end":{"line":78,"column":26}},"78":{"start":{"line":79,"column":0},"end":{"line":79,"column":21}},"79":{"start":{"line":80,"column":0},"end":{"line":80,"column":9}},"80":{"start":{"line":81,"column":0},"end":{"line":81,"column":0}},"81":{"start":{"line":82,"column":0},"end":{"line":82,"column":14}},"82":{"start":{"line":83,"column":0},"end":{"line":83,"column":37}},"83":{"start":{"line":84,"column":0},"end":{"line":84,"column":14}},"84":{"start":{"line":85,"column":0},"end":{"line":85,"column":55}},"85":{"start":{"line":86,"column":0},"end":{"line":86,"column":60}},"86":{"start":{"line":87,"column":0},"end":{"line":87,"column":8}},"87":{"start":{"line":88,"column":0},"end":{"line":88,"column":21}},"88":{"start":{"line":89,"column":0},"end":{"line":89,"column":14}},"89":{"start":{"line":90,"column":0},"end":{"line":90,"column":23}},"90":{"start":{"line":91,"column":0},"end":{"line":91,"column":14}},"91":{"start":{"line":92,"column":0},"end":{"line":92,"column":65}},"92":{"start":{"line":93,"column":0},"end":{"line":93,"column":8}},"93":{"start":{"line":94,"column":0},"end":{"line":94,"column":5}},"94":{"start":{"line":95,"column":0},"end":{"line":95,"column":3}},"95":{"start":{"line":96,"column":0},"end":{"line":96,"column":0}},"96":{"start":{"line":97,"column":0},"end":{"line":97,"column":5}},"97":{"start":{"line":98,"column":0},"end":{"line":98,"column":9}},"98":{"start":{"line":99,"column":0},"end":{"line":99,"column":5}},"99":{"start":{"line":100,"column":0},"end":{"line":100,"column":72}},"100":{"start":{"line":101,"column":0},"end":{"line":101,"column":20}},"101":{"start":{"line":102,"column":0},"end":{"line":102,"column":22}},"102":{"start":{"line":103,"column":0},"end":{"line":103,"column":23}},"103":{"start":{"line":104,"column":0},"end":{"line":104,"column":5}},"104":{"start":{"line":105,"column":0},"end":{"line":105,"column":32}},"105":{"start":{"line":106,"column":0},"end":{"line":106,"column":34}},"106":{"start":{"line":107,"column":0},"end":{"line":107,"column":0}},"107":{"start":{"line":108,"column":0},"end":{"line":108,"column":13}},"108":{"start":{"line":109,"column":0},"end":{"line":109,"column":56}},"109":{"start":{"line":110,"column":0},"end":{"line":110,"column":30}},"110":{"start":{"line":111,"column":0},"end":{"line":111,"column":5}},"111":{"start":{"line":112,"column":0},"end":{"line":112,"column":0}},"112":{"start":{"line":113,"column":0},"end":{"line":113,"column":11}},"113":{"start":{"line":114,"column":0},"end":{"line":114,"column":26}},"114":{"start":{"line":115,"column":0},"end":{"line":115,"column":32}},"115":{"start":{"line":116,"column":0},"end":{"line":116,"column":5}},"116":{"start":{"line":117,"column":0},"end":{"line":117,"column":0}},"117":{"start":{"line":118,"column":0},"end":{"line":118,"column":13}},"118":{"start":{"line":119,"column":0},"end":{"line":119,"column":44}},"119":{"start":{"line":120,"column":0},"end":{"line":120,"column":27}},"120":{"start":{"line":121,"column":0},"end":{"line":121,"column":52}},"121":{"start":{"line":122,"column":0},"end":{"line":122,"column":52}},"122":{"start":{"line":123,"column":0},"end":{"line":123,"column":47}},"123":{"start":{"line":124,"column":0},"end":{"line":124,"column":9}},"124":{"start":{"line":125,"column":0},"end":{"line":125,"column":7}},"125":{"start":{"line":126,"column":0},"end":{"line":126,"column":5}},"126":{"start":{"line":127,"column":0},"end":{"line":127,"column":0}},"127":{"start":{"line":128,"column":0},"end":{"line":128,"column":15}},"128":{"start":{"line":129,"column":0},"end":{"line":129,"column":28}},"129":{"start":{"line":130,"column":0},"end":{"line":130,"column":50}},"130":{"start":{"line":131,"column":0},"end":{"line":131,"column":68}},"131":{"start":{"line":132,"column":0},"end":{"line":132,"column":96}},"132":{"start":{"line":133,"column":0},"end":{"line":133,"column":86}},"133":{"start":{"line":134,"column":0},"end":{"line":134,"column":9}},"134":{"start":{"line":135,"column":0},"end":{"line":135,"column":96}},"135":{"start":{"line":136,"column":0},"end":{"line":136,"column":86}},"136":{"start":{"line":137,"column":0},"end":{"line":137,"column":9}},"137":{"start":{"line":138,"column":0},"end":{"line":138,"column":7}},"138":{"start":{"line":139,"column":0},"end":{"line":139,"column":5}},"139":{"start":{"line":140,"column":0},"end":{"line":140,"column":0}},"140":{"start":{"line":141,"column":0},"end":{"line":141,"column":60}},"141":{"start":{"line":142,"column":0},"end":{"line":142,"column":3}},"142":{"start":{"line":143,"column":0},"end":{"line":143,"column":0}},"143":{"start":{"line":144,"column":0},"end":{"line":144,"column":5}},"144":{"start":{"line":145,"column":0},"end":{"line":145,"column":26}},"145":{"start":{"line":146,"column":0},"end":{"line":146,"column":5}},"146":{"start":{"line":147,"column":0},"end":{"line":147,"column":29}},"147":{"start":{"line":148,"column":0},"end":{"line":148,"column":25}},"148":{"start":{"line":149,"column":0},"end":{"line":149,"column":25}},"149":{"start":{"line":150,"column":0},"end":{"line":150,"column":29}},"150":{"start":{"line":151,"column":0},"end":{"line":151,"column":13}},"151":{"start":{"line":152,"column":0},"end":{"line":152,"column":37}},"152":{"start":{"line":153,"column":0},"end":{"line":153,"column":59}},"153":{"start":{"line":154,"column":0},"end":{"line":154,"column":47}},"154":{"start":{"line":155,"column":0},"end":{"line":155,"column":0}},"155":{"start":{"line":156,"column":0},"end":{"line":156,"column":57}},"156":{"start":{"line":157,"column":0},"end":{"line":157,"column":39}},"157":{"start":{"line":158,"column":0},"end":{"line":158,"column":29}},"158":{"start":{"line":159,"column":0},"end":{"line":159,"column":43}},"159":{"start":{"line":160,"column":0},"end":{"line":160,"column":32}},"160":{"start":{"line":161,"column":0},"end":{"line":161,"column":40}},"161":{"start":{"line":162,"column":0},"end":{"line":162,"column":0}},"162":{"start":{"line":163,"column":0},"end":{"line":163,"column":20}},"163":{"start":{"line":164,"column":0},"end":{"line":164,"column":20}},"164":{"start":{"line":165,"column":0},"end":{"line":165,"column":0}},"165":{"start":{"line":166,"column":0},"end":{"line":166,"column":78}},"166":{"start":{"line":167,"column":0},"end":{"line":167,"column":22}},"167":{"start":{"line":168,"column":0},"end":{"line":168,"column":17}},"168":{"start":{"line":169,"column":0},"end":{"line":169,"column":0}},"169":{"start":{"line":170,"column":0},"end":{"line":170,"column":78}},"170":{"start":{"line":171,"column":0},"end":{"line":171,"column":41}},"171":{"start":{"line":172,"column":0},"end":{"line":172,"column":108}},"172":{"start":{"line":173,"column":0},"end":{"line":173,"column":0}},"173":{"start":{"line":174,"column":0},"end":{"line":174,"column":23}},"174":{"start":{"line":175,"column":0},"end":{"line":175,"column":93}},"175":{"start":{"line":176,"column":0},"end":{"line":176,"column":0}},"176":{"start":{"line":177,"column":0},"end":{"line":177,"column":28}},"177":{"start":{"line":178,"column":0},"end":{"line":178,"column":100}},"178":{"start":{"line":179,"column":0},"end":{"line":179,"column":0}},"179":{"start":{"line":180,"column":0},"end":{"line":180,"column":2}},"180":{"start":{"line":181,"column":0},"end":{"line":181,"column":0}},"181":{"start":{"line":182,"column":0},"end":{"line":182,"column":14}},"182":{"start":{"line":183,"column":0},"end":{"line":183,"column":69}},"183":{"start":{"line":184,"column":0},"end":{"line":184,"column":0}},"184":{"start":{"line":185,"column":0},"end":{"line":185,"column":14}},"185":{"start":{"line":186,"column":0},"end":{"line":186,"column":16}},"186":{"start":{"line":187,"column":0},"end":{"line":187,"column":78}},"187":{"start":{"line":188,"column":0},"end":{"line":188,"column":109}},"188":{"start":{"line":189,"column":0},"end":{"line":189,"column":109}},"189":{"start":{"line":190,"column":0},"end":{"line":190,"column":109}},"190":{"start":{"line":191,"column":0},"end":{"line":191,"column":0}},"191":{"start":{"line":192,"column":0},"end":{"line":192,"column":2}},"192":{"start":{"line":193,"column":0},"end":{"line":193,"column":0}},"193":{"start":{"line":194,"column":0},"end":{"line":194,"column":13}},"194":{"start":{"line":195,"column":0},"end":{"line":195,"column":60}},"195":{"start":{"line":196,"column":0},"end":{"line":196,"column":0}},"196":{"start":{"line":197,"column":0},"end":{"line":197,"column":13}},"197":{"start":{"line":198,"column":0},"end":{"line":198,"column":63}},"198":{"start":{"line":199,"column":0},"end":{"line":199,"column":0}},"199":{"start":{"line":200,"column":0},"end":{"line":200,"column":16}},"200":{"start":{"line":201,"column":0},"end":{"line":201,"column":25}},"201":{"start":{"line":202,"column":0},"end":{"line":202,"column":78}},"202":{"start":{"line":203,"column":0},"end":{"line":203,"column":2}},"203":{"start":{"line":204,"column":0},"end":{"line":204,"column":0}},"204":{"start":{"line":205,"column":0},"end":{"line":205,"column":19}},"205":{"start":{"line":206,"column":0},"end":{"line":206,"column":3}},"206":{"start":{"line":207,"column":0},"end":{"line":207,"column":0}},"207":{"start":{"line":208,"column":0},"end":{"line":208,"column":5}},"208":{"start":{"line":209,"column":0},"end":{"line":209,"column":26}},"209":{"start":{"line":210,"column":0},"end":{"line":210,"column":5}},"210":{"start":{"line":211,"column":0},"end":{"line":211,"column":29}},"211":{"start":{"line":212,"column":0},"end":{"line":212,"column":25}},"212":{"start":{"line":213,"column":0},"end":{"line":213,"column":25}},"213":{"start":{"line":214,"column":0},"end":{"line":214,"column":29}},"214":{"start":{"line":215,"column":0},"end":{"line":215,"column":13}},"215":{"start":{"line":216,"column":0},"end":{"line":216,"column":37}},"216":{"start":{"line":217,"column":0},"end":{"line":217,"column":47}},"217":{"start":{"line":218,"column":0},"end":{"line":218,"column":0}},"218":{"start":{"line":219,"column":0},"end":{"line":219,"column":57}},"219":{"start":{"line":220,"column":0},"end":{"line":220,"column":39}},"220":{"start":{"line":221,"column":0},"end":{"line":221,"column":29}},"221":{"start":{"line":222,"column":0},"end":{"line":222,"column":43}},"222":{"start":{"line":223,"column":0},"end":{"line":223,"column":32}},"223":{"start":{"line":224,"column":0},"end":{"line":224,"column":0}},"224":{"start":{"line":225,"column":0},"end":{"line":225,"column":78}},"225":{"start":{"line":226,"column":0},"end":{"line":226,"column":31}},"226":{"start":{"line":227,"column":0},"end":{"line":227,"column":0}},"227":{"start":{"line":228,"column":0},"end":{"line":228,"column":2}},"228":{"start":{"line":229,"column":0},"end":{"line":229,"column":0}},"229":{"start":{"line":230,"column":0},"end":{"line":230,"column":15}},"230":{"start":{"line":231,"column":0},"end":{"line":231,"column":55}},"231":{"start":{"line":232,"column":0},"end":{"line":232,"column":0}},"232":{"start":{"line":233,"column":0},"end":{"line":233,"column":15}},"233":{"start":{"line":234,"column":0},"end":{"line":234,"column":64}},"234":{"start":{"line":235,"column":0},"end":{"line":235,"column":0}},"235":{"start":{"line":236,"column":0},"end":{"line":236,"column":13}},"236":{"start":{"line":237,"column":0},"end":{"line":237,"column":63}},"237":{"start":{"line":238,"column":0},"end":{"line":238,"column":0}},"238":{"start":{"line":239,"column":0},"end":{"line":239,"column":19}},"239":{"start":{"line":240,"column":0},"end":{"line":240,"column":3}},"240":{"start":{"line":241,"column":0},"end":{"line":241,"column":0}},"241":{"start":{"line":242,"column":0},"end":{"line":242,"column":5}},"242":{"start":{"line":243,"column":0},"end":{"line":243,"column":23}},"243":{"start":{"line":244,"column":0},"end":{"line":244,"column":5}},"244":{"start":{"line":245,"column":0},"end":{"line":245,"column":28}},"245":{"start":{"line":246,"column":0},"end":{"line":246,"column":25}},"246":{"start":{"line":247,"column":0},"end":{"line":247,"column":25}},"247":{"start":{"line":248,"column":0},"end":{"line":248,"column":29}},"248":{"start":{"line":249,"column":0},"end":{"line":249,"column":13}},"249":{"start":{"line":250,"column":0},"end":{"line":250,"column":37}},"250":{"start":{"line":251,"column":0},"end":{"line":251,"column":47}},"251":{"start":{"line":252,"column":0},"end":{"line":252,"column":0}},"252":{"start":{"line":253,"column":0},"end":{"line":253,"column":57}},"253":{"start":{"line":254,"column":0},"end":{"line":254,"column":48}},"254":{"start":{"line":255,"column":0},"end":{"line":255,"column":29}},"255":{"start":{"line":256,"column":0},"end":{"line":256,"column":0}},"256":{"start":{"line":257,"column":0},"end":{"line":257,"column":78}},"257":{"start":{"line":258,"column":0},"end":{"line":258,"column":31}},"258":{"start":{"line":259,"column":0},"end":{"line":259,"column":0}},"259":{"start":{"line":260,"column":0},"end":{"line":260,"column":2}},"260":{"start":{"line":261,"column":0},"end":{"line":261,"column":0}},"261":{"start":{"line":262,"column":0},"end":{"line":262,"column":35}},"262":{"start":{"line":263,"column":0},"end":{"line":263,"column":96}},"263":{"start":{"line":264,"column":0},"end":{"line":264,"column":75}},"264":{"start":{"line":265,"column":0},"end":{"line":265,"column":0}},"265":{"start":{"line":266,"column":0},"end":{"line":266,"column":2}},"266":{"start":{"line":267,"column":0},"end":{"line":267,"column":5}},"267":{"start":{"line":268,"column":0},"end":{"line":268,"column":0}},"268":{"start":{"line":269,"column":0},"end":{"line":269,"column":25}},"269":{"start":{"line":270,"column":0},"end":{"line":270,"column":69}},"270":{"start":{"line":271,"column":0},"end":{"line":271,"column":0}},"271":{"start":{"line":272,"column":0},"end":{"line":272,"column":19}},"272":{"start":{"line":273,"column":0},"end":{"line":273,"column":3}},"273":{"start":{"line":274,"column":0},"end":{"line":274,"column":0}},"274":{"start":{"line":275,"column":0},"end":{"line":275,"column":5}},"275":{"start":{"line":276,"column":0},"end":{"line":276,"column":22}},"276":{"start":{"line":277,"column":0},"end":{"line":277,"column":5}},"277":{"start":{"line":278,"column":0},"end":{"line":278,"column":27}},"278":{"start":{"line":279,"column":0},"end":{"line":279,"column":25}},"279":{"start":{"line":280,"column":0},"end":{"line":280,"column":25}},"280":{"start":{"line":281,"column":0},"end":{"line":281,"column":29}},"281":{"start":{"line":282,"column":0},"end":{"line":282,"column":13}},"282":{"start":{"line":283,"column":0},"end":{"line":283,"column":37}},"283":{"start":{"line":284,"column":0},"end":{"line":284,"column":47}},"284":{"start":{"line":285,"column":0},"end":{"line":285,"column":0}},"285":{"start":{"line":286,"column":0},"end":{"line":286,"column":57}},"286":{"start":{"line":287,"column":0},"end":{"line":287,"column":47}},"287":{"start":{"line":288,"column":0},"end":{"line":288,"column":29}},"288":{"start":{"line":289,"column":0},"end":{"line":289,"column":0}},"289":{"start":{"line":290,"column":0},"end":{"line":290,"column":78}},"290":{"start":{"line":291,"column":0},"end":{"line":291,"column":31}},"291":{"start":{"line":292,"column":0},"end":{"line":292,"column":0}},"292":{"start":{"line":293,"column":0},"end":{"line":293,"column":2}},"293":{"start":{"line":294,"column":0},"end":{"line":294,"column":0}},"294":{"start":{"line":295,"column":0},"end":{"line":295,"column":35}},"295":{"start":{"line":296,"column":0},"end":{"line":296,"column":96}},"296":{"start":{"line":297,"column":0},"end":{"line":297,"column":76}},"297":{"start":{"line":298,"column":0},"end":{"line":298,"column":0}},"298":{"start":{"line":299,"column":0},"end":{"line":299,"column":2}},"299":{"start":{"line":300,"column":0},"end":{"line":300,"column":5}},"300":{"start":{"line":301,"column":0},"end":{"line":301,"column":0}},"301":{"start":{"line":302,"column":0},"end":{"line":302,"column":24}},"302":{"start":{"line":303,"column":0},"end":{"line":303,"column":68}},"303":{"start":{"line":304,"column":0},"end":{"line":304,"column":0}},"304":{"start":{"line":305,"column":0},"end":{"line":305,"column":19}},"305":{"start":{"line":306,"column":0},"end":{"line":306,"column":3}},"306":{"start":{"line":307,"column":0},"end":{"line":307,"column":0}},"307":{"start":{"line":308,"column":0},"end":{"line":308,"column":5}},"308":{"start":{"line":309,"column":0},"end":{"line":309,"column":12}},"309":{"start":{"line":310,"column":0},"end":{"line":310,"column":5}},"310":{"start":{"line":311,"column":0},"end":{"line":311,"column":34}},"311":{"start":{"line":312,"column":0},"end":{"line":312,"column":25}},"312":{"start":{"line":313,"column":0},"end":{"line":313,"column":25}},"313":{"start":{"line":314,"column":0},"end":{"line":314,"column":29}},"314":{"start":{"line":315,"column":0},"end":{"line":315,"column":13}},"315":{"start":{"line":316,"column":0},"end":{"line":316,"column":101}},"316":{"start":{"line":317,"column":0},"end":{"line":317,"column":4}},"317":{"start":{"line":318,"column":0},"end":{"line":318,"column":44}},"318":{"start":{"line":319,"column":0},"end":{"line":319,"column":50}},"319":{"start":{"line":320,"column":0},"end":{"line":320,"column":58}},"320":{"start":{"line":321,"column":0},"end":{"line":321,"column":0}},"321":{"start":{"line":322,"column":0},"end":{"line":322,"column":85}},"322":{"start":{"line":323,"column":0},"end":{"line":323,"column":6}},"323":{"start":{"line":324,"column":0},"end":{"line":324,"column":58}},"324":{"start":{"line":325,"column":0},"end":{"line":325,"column":58}},"325":{"start":{"line":326,"column":0},"end":{"line":326,"column":7}},"326":{"start":{"line":327,"column":0},"end":{"line":327,"column":0}},"327":{"start":{"line":328,"column":0},"end":{"line":328,"column":66}},"328":{"start":{"line":329,"column":0},"end":{"line":329,"column":63}},"329":{"start":{"line":330,"column":0},"end":{"line":330,"column":5}},"330":{"start":{"line":331,"column":0},"end":{"line":331,"column":0}},"331":{"start":{"line":332,"column":0},"end":{"line":332,"column":14}},"332":{"start":{"line":333,"column":0},"end":{"line":333,"column":28}},"333":{"start":{"line":334,"column":0},"end":{"line":334,"column":50}},"334":{"start":{"line":335,"column":0},"end":{"line":335,"column":102}},"335":{"start":{"line":336,"column":0},"end":{"line":336,"column":71}},"336":{"start":{"line":337,"column":0},"end":{"line":337,"column":62}},"337":{"start":{"line":338,"column":0},"end":{"line":338,"column":7}},"338":{"start":{"line":339,"column":0},"end":{"line":339,"column":5}},"339":{"start":{"line":340,"column":0},"end":{"line":340,"column":0}},"340":{"start":{"line":341,"column":0},"end":{"line":341,"column":20}},"341":{"start":{"line":342,"column":0},"end":{"line":342,"column":19}},"342":{"start":{"line":343,"column":0},"end":{"line":343,"column":3}},"343":{"start":{"line":344,"column":0},"end":{"line":344,"column":0}},"344":{"start":{"line":345,"column":0},"end":{"line":345,"column":5}},"345":{"start":{"line":346,"column":0},"end":{"line":346,"column":11}},"346":{"start":{"line":347,"column":0},"end":{"line":347,"column":5}},"347":{"start":{"line":348,"column":0},"end":{"line":348,"column":87}},"348":{"start":{"line":349,"column":0},"end":{"line":349,"column":101}},"349":{"start":{"line":350,"column":0},"end":{"line":350,"column":37}},"350":{"start":{"line":351,"column":0},"end":{"line":351,"column":0}},"351":{"start":{"line":352,"column":0},"end":{"line":352,"column":15}},"352":{"start":{"line":353,"column":0},"end":{"line":353,"column":28}},"353":{"start":{"line":354,"column":0},"end":{"line":354,"column":50}},"354":{"start":{"line":355,"column":0},"end":{"line":355,"column":63}},"355":{"start":{"line":356,"column":0},"end":{"line":356,"column":8}},"356":{"start":{"line":357,"column":0},"end":{"line":357,"column":89}},"357":{"start":{"line":358,"column":0},"end":{"line":358,"column":40}},"358":{"start":{"line":359,"column":0},"end":{"line":359,"column":8}},"359":{"start":{"line":360,"column":0},"end":{"line":360,"column":17}},"360":{"start":{"line":361,"column":0},"end":{"line":361,"column":35}},"361":{"start":{"line":362,"column":0},"end":{"line":362,"column":57}},"362":{"start":{"line":363,"column":0},"end":{"line":363,"column":76}},"363":{"start":{"line":364,"column":0},"end":{"line":364,"column":24}},"364":{"start":{"line":365,"column":0},"end":{"line":365,"column":54}},"365":{"start":{"line":366,"column":0},"end":{"line":366,"column":57}},"366":{"start":{"line":367,"column":0},"end":{"line":367,"column":13}},"367":{"start":{"line":368,"column":0},"end":{"line":368,"column":11}},"368":{"start":{"line":369,"column":0},"end":{"line":369,"column":9}},"369":{"start":{"line":370,"column":0},"end":{"line":370,"column":0}},"370":{"start":{"line":371,"column":0},"end":{"line":371,"column":40}},"371":{"start":{"line":372,"column":0},"end":{"line":372,"column":7}},"372":{"start":{"line":373,"column":0},"end":{"line":373,"column":5}},"373":{"start":{"line":374,"column":0},"end":{"line":374,"column":0}},"374":{"start":{"line":375,"column":0},"end":{"line":375,"column":15}},"375":{"start":{"line":376,"column":0},"end":{"line":376,"column":54}},"376":{"start":{"line":377,"column":0},"end":{"line":377,"column":66}},"377":{"start":{"line":378,"column":0},"end":{"line":378,"column":36}},"378":{"start":{"line":379,"column":0},"end":{"line":379,"column":40}},"379":{"start":{"line":380,"column":0},"end":{"line":380,"column":45}},"380":{"start":{"line":381,"column":0},"end":{"line":381,"column":44}},"381":{"start":{"line":382,"column":0},"end":{"line":382,"column":0}},"382":{"start":{"line":383,"column":0},"end":{"line":383,"column":11}},"383":{"start":{"line":384,"column":0},"end":{"line":384,"column":44}},"384":{"start":{"line":385,"column":0},"end":{"line":385,"column":66}},"385":{"start":{"line":386,"column":0},"end":{"line":386,"column":46}},"386":{"start":{"line":387,"column":0},"end":{"line":387,"column":49}},"387":{"start":{"line":388,"column":0},"end":{"line":388,"column":5}},"388":{"start":{"line":389,"column":0},"end":{"line":389,"column":0}},"389":{"start":{"line":390,"column":0},"end":{"line":390,"column":11}},"390":{"start":{"line":391,"column":0},"end":{"line":391,"column":28}},"391":{"start":{"line":392,"column":0},"end":{"line":392,"column":50}},"392":{"start":{"line":393,"column":0},"end":{"line":393,"column":68}},"393":{"start":{"line":394,"column":0},"end":{"line":394,"column":71}},"394":{"start":{"line":395,"column":0},"end":{"line":395,"column":46}},"395":{"start":{"line":396,"column":0},"end":{"line":396,"column":75}},"396":{"start":{"line":397,"column":0},"end":{"line":397,"column":31}},"397":{"start":{"line":398,"column":0},"end":{"line":398,"column":65}},"398":{"start":{"line":399,"column":0},"end":{"line":399,"column":9}},"399":{"start":{"line":400,"column":0},"end":{"line":400,"column":7}},"400":{"start":{"line":401,"column":0},"end":{"line":401,"column":5}},"401":{"start":{"line":402,"column":0},"end":{"line":402,"column":0}},"402":{"start":{"line":403,"column":0},"end":{"line":403,"column":42}},"403":{"start":{"line":404,"column":0},"end":{"line":404,"column":0}},"404":{"start":{"line":405,"column":0},"end":{"line":405,"column":19}},"405":{"start":{"line":406,"column":0},"end":{"line":406,"column":3}},"406":{"start":{"line":407,"column":0},"end":{"line":407,"column":0}},"407":{"start":{"line":408,"column":0},"end":{"line":408,"column":5}},"408":{"start":{"line":409,"column":0},"end":{"line":409,"column":11}},"409":{"start":{"line":410,"column":0},"end":{"line":410,"column":5}},"410":{"start":{"line":411,"column":0},"end":{"line":411,"column":90}},"411":{"start":{"line":412,"column":0},"end":{"line":412,"column":37}},"412":{"start":{"line":413,"column":0},"end":{"line":413,"column":101}},"413":{"start":{"line":414,"column":0},"end":{"line":414,"column":0}},"414":{"start":{"line":415,"column":0},"end":{"line":415,"column":14}},"415":{"start":{"line":416,"column":0},"end":{"line":416,"column":66}},"416":{"start":{"line":417,"column":0},"end":{"line":417,"column":81}},"417":{"start":{"line":418,"column":0},"end":{"line":418,"column":0}},"418":{"start":{"line":419,"column":0},"end":{"line":419,"column":13}},"419":{"start":{"line":420,"column":0},"end":{"line":420,"column":28}},"420":{"start":{"line":421,"column":0},"end":{"line":421,"column":50}},"421":{"start":{"line":422,"column":0},"end":{"line":422,"column":71}},"422":{"start":{"line":423,"column":0},"end":{"line":423,"column":24}},"423":{"start":{"line":424,"column":0},"end":{"line":424,"column":77}},"424":{"start":{"line":425,"column":0},"end":{"line":425,"column":113}},"425":{"start":{"line":426,"column":0},"end":{"line":426,"column":9}},"426":{"start":{"line":427,"column":0},"end":{"line":427,"column":7}},"427":{"start":{"line":428,"column":0},"end":{"line":428,"column":5}},"428":{"start":{"line":429,"column":0},"end":{"line":429,"column":0}},"429":{"start":{"line":430,"column":0},"end":{"line":430,"column":100}},"430":{"start":{"line":431,"column":0},"end":{"line":431,"column":97}},"431":{"start":{"line":432,"column":0},"end":{"line":432,"column":52}},"432":{"start":{"line":433,"column":0},"end":{"line":433,"column":90}},"433":{"start":{"line":434,"column":0},"end":{"line":434,"column":0}},"434":{"start":{"line":435,"column":0},"end":{"line":435,"column":19}},"435":{"start":{"line":436,"column":0},"end":{"line":436,"column":3}},"436":{"start":{"line":437,"column":0},"end":{"line":437,"column":0}},"437":{"start":{"line":438,"column":0},"end":{"line":438,"column":5}},"438":{"start":{"line":439,"column":0},"end":{"line":439,"column":11}},"439":{"start":{"line":440,"column":0},"end":{"line":440,"column":5}},"440":{"start":{"line":441,"column":0},"end":{"line":441,"column":83}},"441":{"start":{"line":442,"column":0},"end":{"line":442,"column":37}},"442":{"start":{"line":443,"column":0},"end":{"line":443,"column":54}},"443":{"start":{"line":444,"column":0},"end":{"line":444,"column":0}},"444":{"start":{"line":445,"column":0},"end":{"line":445,"column":101}},"445":{"start":{"line":446,"column":0},"end":{"line":446,"column":60}},"446":{"start":{"line":447,"column":0},"end":{"line":447,"column":82}},"447":{"start":{"line":448,"column":0},"end":{"line":448,"column":79}},"448":{"start":{"line":449,"column":0},"end":{"line":449,"column":79}},"449":{"start":{"line":450,"column":0},"end":{"line":450,"column":61}},"450":{"start":{"line":451,"column":0},"end":{"line":451,"column":61}},"451":{"start":{"line":452,"column":0},"end":{"line":452,"column":60}},"452":{"start":{"line":453,"column":0},"end":{"line":453,"column":24}},"453":{"start":{"line":454,"column":0},"end":{"line":454,"column":0}},"454":{"start":{"line":455,"column":0},"end":{"line":455,"column":19}},"455":{"start":{"line":456,"column":0},"end":{"line":456,"column":3}},"456":{"start":{"line":457,"column":0},"end":{"line":457,"column":0}},"457":{"start":{"line":458,"column":0},"end":{"line":458,"column":5}},"458":{"start":{"line":459,"column":0},"end":{"line":459,"column":11}},"459":{"start":{"line":460,"column":0},"end":{"line":460,"column":5}},"460":{"start":{"line":461,"column":0},"end":{"line":461,"column":29}},"461":{"start":{"line":462,"column":0},"end":{"line":462,"column":25}},"462":{"start":{"line":463,"column":0},"end":{"line":463,"column":25}},"463":{"start":{"line":464,"column":0},"end":{"line":464,"column":29}},"464":{"start":{"line":465,"column":0},"end":{"line":465,"column":13}},"465":{"start":{"line":466,"column":0},"end":{"line":466,"column":37}},"466":{"start":{"line":467,"column":0},"end":{"line":467,"column":99}},"467":{"start":{"line":468,"column":0},"end":{"line":468,"column":0}},"468":{"start":{"line":469,"column":0},"end":{"line":469,"column":15}},"469":{"start":{"line":470,"column":0},"end":{"line":470,"column":49}},"470":{"start":{"line":471,"column":0},"end":{"line":471,"column":50}},"471":{"start":{"line":472,"column":0},"end":{"line":472,"column":66}},"472":{"start":{"line":473,"column":0},"end":{"line":473,"column":45}},"473":{"start":{"line":474,"column":0},"end":{"line":474,"column":0}},"474":{"start":{"line":475,"column":0},"end":{"line":475,"column":102}},"475":{"start":{"line":476,"column":0},"end":{"line":476,"column":7}},"476":{"start":{"line":477,"column":0},"end":{"line":477,"column":5}},"477":{"start":{"line":478,"column":0},"end":{"line":478,"column":0}},"478":{"start":{"line":479,"column":0},"end":{"line":479,"column":15}},"479":{"start":{"line":480,"column":0},"end":{"line":480,"column":71}},"480":{"start":{"line":481,"column":0},"end":{"line":481,"column":75}},"481":{"start":{"line":482,"column":0},"end":{"line":482,"column":79}},"482":{"start":{"line":483,"column":0},"end":{"line":483,"column":172}},"483":{"start":{"line":484,"column":0},"end":{"line":484,"column":74}},"484":{"start":{"line":485,"column":0},"end":{"line":485,"column":0}},"485":{"start":{"line":486,"column":0},"end":{"line":486,"column":10}},"486":{"start":{"line":487,"column":0},"end":{"line":487,"column":44}},"487":{"start":{"line":488,"column":0},"end":{"line":488,"column":50}},"488":{"start":{"line":489,"column":0},"end":{"line":489,"column":50}},"489":{"start":{"line":490,"column":0},"end":{"line":490,"column":85}},"490":{"start":{"line":491,"column":0},"end":{"line":491,"column":7}},"491":{"start":{"line":492,"column":0},"end":{"line":492,"column":5}},"492":{"start":{"line":493,"column":0},"end":{"line":493,"column":0}},"493":{"start":{"line":494,"column":0},"end":{"line":494,"column":11}},"494":{"start":{"line":495,"column":0},"end":{"line":495,"column":49}},"495":{"start":{"line":496,"column":0},"end":{"line":496,"column":50}},"496":{"start":{"line":497,"column":0},"end":{"line":497,"column":66}},"497":{"start":{"line":498,"column":0},"end":{"line":498,"column":35}},"498":{"start":{"line":499,"column":0},"end":{"line":499,"column":35}},"499":{"start":{"line":500,"column":0},"end":{"line":500,"column":54}},"500":{"start":{"line":501,"column":0},"end":{"line":501,"column":56}},"501":{"start":{"line":502,"column":0},"end":{"line":502,"column":72}},"502":{"start":{"line":503,"column":0},"end":{"line":503,"column":13}},"503":{"start":{"line":504,"column":0},"end":{"line":504,"column":34}},"504":{"start":{"line":505,"column":0},"end":{"line":505,"column":18}},"505":{"start":{"line":506,"column":0},"end":{"line":506,"column":84}},"506":{"start":{"line":507,"column":0},"end":{"line":507,"column":11}},"507":{"start":{"line":508,"column":0},"end":{"line":508,"column":9}},"508":{"start":{"line":509,"column":0},"end":{"line":509,"column":7}},"509":{"start":{"line":510,"column":0},"end":{"line":510,"column":5}},"510":{"start":{"line":511,"column":0},"end":{"line":511,"column":0}},"511":{"start":{"line":512,"column":0},"end":{"line":512,"column":24}},"512":{"start":{"line":513,"column":0},"end":{"line":513,"column":0}},"513":{"start":{"line":514,"column":0},"end":{"line":514,"column":19}},"514":{"start":{"line":515,"column":0},"end":{"line":515,"column":3}},"515":{"start":{"line":516,"column":0},"end":{"line":516,"column":0}},"516":{"start":{"line":517,"column":0},"end":{"line":517,"column":5}},"517":{"start":{"line":518,"column":0},"end":{"line":518,"column":11}},"518":{"start":{"line":519,"column":0},"end":{"line":519,"column":5}},"519":{"start":{"line":520,"column":0},"end":{"line":520,"column":37}},"520":{"start":{"line":521,"column":0},"end":{"line":521,"column":31}},"521":{"start":{"line":522,"column":0},"end":{"line":522,"column":33}},"522":{"start":{"line":523,"column":0},"end":{"line":523,"column":25}},"523":{"start":{"line":524,"column":0},"end":{"line":524,"column":23}},"524":{"start":{"line":525,"column":0},"end":{"line":525,"column":29}},"525":{"start":{"line":526,"column":0},"end":{"line":526,"column":13}},"526":{"start":{"line":527,"column":0},"end":{"line":527,"column":21}},"527":{"start":{"line":528,"column":0},"end":{"line":528,"column":64}},"528":{"start":{"line":529,"column":0},"end":{"line":529,"column":0}},"529":{"start":{"line":530,"column":0},"end":{"line":530,"column":13}},"530":{"start":{"line":531,"column":0},"end":{"line":531,"column":48}},"531":{"start":{"line":532,"column":0},"end":{"line":532,"column":36}},"532":{"start":{"line":533,"column":0},"end":{"line":533,"column":6}},"533":{"start":{"line":534,"column":0},"end":{"line":534,"column":37}},"534":{"start":{"line":535,"column":0},"end":{"line":535,"column":114}},"535":{"start":{"line":536,"column":0},"end":{"line":536,"column":7}},"536":{"start":{"line":537,"column":0},"end":{"line":537,"column":0}},"537":{"start":{"line":538,"column":0},"end":{"line":538,"column":87}},"538":{"start":{"line":539,"column":0},"end":{"line":539,"column":0}},"539":{"start":{"line":540,"column":0},"end":{"line":540,"column":13}},"540":{"start":{"line":541,"column":0},"end":{"line":541,"column":33}},"541":{"start":{"line":542,"column":0},"end":{"line":542,"column":55}},"542":{"start":{"line":543,"column":0},"end":{"line":543,"column":74}},"543":{"start":{"line":544,"column":0},"end":{"line":544,"column":55}},"544":{"start":{"line":545,"column":0},"end":{"line":545,"column":45}},"545":{"start":{"line":546,"column":0},"end":{"line":546,"column":88}},"546":{"start":{"line":547,"column":0},"end":{"line":547,"column":11}},"547":{"start":{"line":548,"column":0},"end":{"line":548,"column":9}},"548":{"start":{"line":549,"column":0},"end":{"line":549,"column":7}},"549":{"start":{"line":550,"column":0},"end":{"line":550,"column":0}},"550":{"start":{"line":551,"column":0},"end":{"line":551,"column":26}},"551":{"start":{"line":552,"column":0},"end":{"line":552,"column":5}},"552":{"start":{"line":553,"column":0},"end":{"line":553,"column":0}},"553":{"start":{"line":554,"column":0},"end":{"line":554,"column":13}},"554":{"start":{"line":555,"column":0},"end":{"line":555,"column":31}},"555":{"start":{"line":556,"column":0},"end":{"line":556,"column":68}},"556":{"start":{"line":557,"column":0},"end":{"line":557,"column":97}},"557":{"start":{"line":558,"column":0},"end":{"line":558,"column":50}},"558":{"start":{"line":559,"column":0},"end":{"line":559,"column":61}},"559":{"start":{"line":560,"column":0},"end":{"line":560,"column":7}},"560":{"start":{"line":561,"column":0},"end":{"line":561,"column":26}},"561":{"start":{"line":562,"column":0},"end":{"line":562,"column":5}},"562":{"start":{"line":563,"column":0},"end":{"line":563,"column":0}},"563":{"start":{"line":564,"column":0},"end":{"line":564,"column":19}},"564":{"start":{"line":565,"column":0},"end":{"line":565,"column":3}},"565":{"start":{"line":566,"column":0},"end":{"line":566,"column":0}},"566":{"start":{"line":567,"column":0},"end":{"line":567,"column":5}},"567":{"start":{"line":568,"column":0},"end":{"line":568,"column":11}},"568":{"start":{"line":569,"column":0},"end":{"line":569,"column":5}},"569":{"start":{"line":570,"column":0},"end":{"line":570,"column":28}},"570":{"start":{"line":571,"column":0},"end":{"line":571,"column":25}},"571":{"start":{"line":572,"column":0},"end":{"line":572,"column":25}},"572":{"start":{"line":573,"column":0},"end":{"line":573,"column":30}},"573":{"start":{"line":574,"column":0},"end":{"line":574,"column":13}},"574":{"start":{"line":575,"column":0},"end":{"line":575,"column":101}},"575":{"start":{"line":576,"column":0},"end":{"line":576,"column":0}},"576":{"start":{"line":577,"column":0},"end":{"line":577,"column":14}},"577":{"start":{"line":578,"column":0},"end":{"line":578,"column":44}},"578":{"start":{"line":579,"column":0},"end":{"line":579,"column":36}},"579":{"start":{"line":580,"column":0},"end":{"line":580,"column":52}},"580":{"start":{"line":581,"column":0},"end":{"line":581,"column":49}},"581":{"start":{"line":582,"column":0},"end":{"line":582,"column":65}},"582":{"start":{"line":583,"column":0},"end":{"line":583,"column":72}},"583":{"start":{"line":584,"column":0},"end":{"line":584,"column":9}},"584":{"start":{"line":585,"column":0},"end":{"line":585,"column":7}},"585":{"start":{"line":586,"column":0},"end":{"line":586,"column":5}},"586":{"start":{"line":587,"column":0},"end":{"line":587,"column":0}},"587":{"start":{"line":588,"column":0},"end":{"line":588,"column":26}},"588":{"start":{"line":589,"column":0},"end":{"line":589,"column":3}},"589":{"start":{"line":590,"column":0},"end":{"line":590,"column":0}},"590":{"start":{"line":591,"column":0},"end":{"line":591,"column":5}},"591":{"start":{"line":592,"column":0},"end":{"line":592,"column":21}},"592":{"start":{"line":593,"column":0},"end":{"line":593,"column":5}},"593":{"start":{"line":594,"column":0},"end":{"line":594,"column":34}},"594":{"start":{"line":595,"column":0},"end":{"line":595,"column":25}},"595":{"start":{"line":596,"column":0},"end":{"line":596,"column":25}},"596":{"start":{"line":597,"column":0},"end":{"line":597,"column":30}},"597":{"start":{"line":598,"column":0},"end":{"line":598,"column":13}},"598":{"start":{"line":599,"column":0},"end":{"line":599,"column":37}},"599":{"start":{"line":600,"column":0},"end":{"line":600,"column":21}},"600":{"start":{"line":601,"column":0},"end":{"line":601,"column":0}},"601":{"start":{"line":602,
[...]
":{"start":{"line":134,"column":0},"end":{"line":134,"column":5}},"134":{"start":{"line":135,"column":0},"end":{"line":135,"column":0}},"135":{"start":{"line":136,"column":0},"end":{"line":136,"column":14}},"136":{"start":{"line":137,"column":0},"end":{"line":137,"column":60}},"137":{"start":{"line":138,"column":0},"end":{"line":138,"column":4}},"138":{"start":{"line":139,"column":0},"end":{"line":139,"column":27}},"139":{"start":{"line":140,"column":0},"end":{"line":140,"column":118}},"140":{"start":{"line":141,"column":0},"end":{"line":141,"column":91}},"141":{"start":{"line":142,"column":0},"end":{"line":142,"column":153}},"142":{"start":{"line":143,"column":0},"end":{"line":143,"column":162}},"143":{"start":{"line":144,"column":0},"end":{"line":144,"column":157}},"144":{"start":{"line":145,"column":0},"end":{"line":145,"column":91}},"145":{"start":{"line":146,"column":0},"end":{"line":146,"column":84}},"146":{"start":{"line":147,"column":0},"end":{"line":147,"column":152}},"147":{"start":{"line":148,"column":0},"end":{"line":148,"column":219}},"148":{"start":{"line":149,"column":0},"end":{"line":149,"column":152}},"149":{"start":{"line":150,"column":0},"end":{"line":150,"column":19}},"150":{"start":{"line":151,"column":0},"end":{"line":151,"column":154}},"151":{"start":{"line":152,"column":0},"end":{"line":152,"column":83}},"152":{"start":{"line":153,"column":0},"end":{"line":153,"column":151}},"153":{"start":{"line":154,"column":0},"end":{"line":154,"column":87}},"154":{"start":{"line":155,"column":0},"end":{"line":155,"column":87}},"155":{"start":{"line":156,"column":0},"end":{"line":156,"column":87}},"156":{"start":{"line":157,"column":0},"end":{"line":157,"column":87}},"157":{"start":{"line":158,"column":0},"end":{"line":158,"column":90}},"158":{"start":{"line":159,"column":0},"end":{"line":159,"column":83}},"159":{"start":{"line":160,"column":0},"end":{"line":160,"column":86}},"160":{"start":{"line":161,"column":0},"end":{"line":161,"column":88}},"161":{"start":{"line":162,"column":0},"end":{"line":162,"column":87}},"162":{"start":{"line":163,"column":0},"end":{"line":163,"column":150}},"163":{"start":{"line":164,"column":0},"end":{"line":164,"column":87}},"164":{"start":{"line":165,"column":0},"end":{"line":165,"column":87}},"165":{"start":{"line":166,"column":0},"end":{"line":166,"column":88}},"166":{"start":{"line":167,"column":0},"end":{"line":167,"column":6}},"167":{"start":{"line":168,"column":0},"end":{"line":168,"column":0}},"168":{"start":{"line":169,"column":0},"end":{"line":169,"column":35}},"169":{"start":{"line":170,"column":0},"end":{"line":170,"column":51}},"170":{"start":{"line":171,"column":0},"end":{"line":171,"column":27}},"171":{"start":{"line":172,"column":0},"end":{"line":172,"column":6}},"172":{"start":{"line":173,"column":0},"end":{"line":173,"column":32}},"173":{"start":{"line":174,"column":0},"end":{"line":174,"column":43}},"174":{"start":{"line":175,"column":0},"end":{"line":175,"column":26}},"175":{"start":{"line":176,"column":0},"end":{"line":176,"column":32}},"176":{"start":{"line":177,"column":0},"end":{"line":177,"column":33}},"177":{"start":{"line":178,"column":0},"end":{"line":178,"column":35}},"178":{"start":{"line":179,"column":0},"end":{"line":179,"column":13}},"179":{"start":{"line":180,"column":0},"end":{"line":180,"column":9}},"180":{"start":{"line":181,"column":0},"end":{"line":181,"column":7}},"181":{"start":{"line":182,"column":0},"end":{"line":182,"column":5}},"182":{"start":{"line":183,"column":0},"end":{"line":183,"column":0}},"183":{"start":{"line":184,"column":0},"end":{"line":184,"column":21}},"184":{"start":{"line":185,"column":0},"end":{"line":185,"column":3}},"185":{"start":{"line":186,"column":0},"end":{"line":186,"column":0}},"186":{"start":{"line":187,"column":0},"end":{"line":187,"column":5}},"187":{"start":{"line":188,"column":0},"end":{"line":188,"column":13}},"188":{"start":{"line":189,"column":0},"end":{"line":189,"column":5}},"189":{"start":{"line":190,"column":0},"end":{"line":190,"column":50}},"190":{"start":{"line":191,"column":0},"end":{"line":191,"column":23}},"191":{"start":{"line":192,"column":0},"end":{"line":192,"column":25}},"192":{"start":{"line":193,"column":0},"end":{"line":193,"column":22}},"193":{"start":{"line":194,"column":0},"end":{"line":194,"column":5}},"194":{"start":{"line":195,"column":0},"end":{"line":195,"column":12}},"195":{"start":{"line":196,"column":0},"end":{"line":196,"column":68}},"196":{"start":{"line":197,"column":0},"end":{"line":197,"column":72}},"197":{"start":{"line":198,"column":0},"end":{"line":198,"column":66}},"198":{"start":{"line":199,"column":0},"end":{"line":199,"column":6}},"199":{"start":{"line":200,"column":0},"end":{"line":200,"column":3}},"200":{"start":{"line":201,"column":0},"end":{"line":201,"column":1}},"201":{"start":{"line":202,"column":0},"end":{"line":202,"column":0}},"202":{"start":{"line":203,"column":0},"end":{"line":203,"column":10}},"203":{"start":{"line":204,"column":0},"end":{"line":204,"column":55}},"204":{"start":{"line":205,"column":0},"end":{"line":205,"column":0}},"205":{"start":{"line":206,"column":0},"end":{"line":206,"column":11}},"206":{"start":{"line":207,"column":0},"end":{"line":207,"column":38}},"207":{"start":{"line":208,"column":0},"end":{"line":208,"column":16}},"208":{"start":{"line":209,"column":0},"end":{"line":209,"column":10}},"209":{"start":{"line":210,"column":0},"end":{"line":210,"column":5}},"210":{"start":{"line":211,"column":0},"end":{"line":211,"column":21}},"211":{"start":{"line":212,"column":0},"end":{"line":212,"column":60}},"212":{"start":{"line":213,"column":0},"end":{"line":213,"column":77}},"213":{"start":{"line":214,"column":0},"end":{"line":214,"column":6}},"214":{"start":{"line":215,"column":0},"end":{"line":215,"column":4}},"215":{"start":{"line":216,"column":0},"end":{"line":216,"column":19}},"216":{"start":{"line":217,"column":0},"end":{"line":217,"column":22}},"217":{"start":{"line":218,"column":0},"end":{"line":218,"column":67}},"218":{"start":{"line":219,"column":0},"end":{"line":219,"column":69}},"219":{"start":{"line":220,"column":0},"end":{"line":220,"column":6}},"220":{"start":{"line":221,"column":0},"end":{"line":221,"column":17}},"221":{"start":{"line":222,"column":0},"end":{"line":222,"column":62}},"222":{"start":{"line":223,"column":0},"end":{"line":223,"column":6}},"223":{"start":{"line":224,"column":0},"end":{"line":224,"column":4}},"224":{"start":{"line":225,"column":0},"end":{"line":225,"column":3}},"225":{"start":{"line":226,"column":0},"end":{"line":226,"column":0}},"226":{"start":{"line":227,"column":0},"end":{"line":227,"column":38}},"227":{"start":{"line":228,"column":0},"end":{"line":228,"column":16}},"228":{"start":{"line":229,"column":0},"end":{"line":229,"column":12}},"229":{"start":{"line":230,"column":0},"end":{"line":230,"column":19}},"230":{"start":{"line":231,"column":0},"end":{"line":231,"column":15}},"231":{"start":{"line":232,"column":0},"end":{"line":232,"column":60}},"232":{"start":{"line":233,"column":0},"end":{"line":233,"column":6}},"233":{"start":{"line":234,"column":0},"end":{"line":234,"column":23}},"234":{"start":{"line":235,"column":0},"end":{"line":235,"column":68}},"235":{"start":{"line":236,"column":0},"end":{"line":236,"column":6}},"236":{"start":{"line":237,"column":0},"end":{"line":237,"column":4}},"237":{"start":{"line":238,"column":0},"end":{"line":238,"column":3}},"238":{"start":{"line":239,"column":0},"end":{"line":239,"column":0}},"239":{"start":{"line":240,"column":0},"end":{"line":240,"column":53}},"240":{"start":{"line":241,"column":0},"end":{"line":241,"column":24}},"241":{"start":{"line":242,"column":0},"end":{"line":242,"column":76}},"242":{"start":{"line":243,"column":0},"end":{"line":243,"column":68}},"243":{"start":{"line":244,"column":0},"end":{"line":244,"column":67}},"244":{"start":{"line":245,"column":0},"end":{"line":245,"column":45}},"245":{"start":{"line":246,"column":0},"end":{"line":246,"column":2}},"246":{"start":{"line":247,"column":0},"end":{"line":247,"column":0}},"247":{"start":{"line":248,"column":0},"end":{"line":248,"column":39}},"248":{"start":{"line":249,"column":0},"end":{"line":249,"column":83}},"249":{"start":{"line":250,"column":0},"end":{"line":250,"column":40}},"250":{"start":{"line":251,"column":0},"end":{"line":251,"column":20}},"251":{"start":{"line":252,"column":0},"end":{"line":252,"column":14}},"252":{"start":{"line":253,"column":0},"end":{"line":253,"column":21}},"253":{"start":{"line":254,"column":0},"end":{"line":254,"column":108}},"254":{"start":{"line":255,"column":0},"end":{"line":255,"column":6}},"255":{"start":{"line":256,"column":0},"end":{"line":256,"column":5}},"256":{"start":{"line":257,"column":0},"end":{"line":257,"column":1}}},"s":{"0":1,"1":1,"2":1,"3":1,"4":1,"5":1,"6":1,"7":1,"8":1,"9":1,"10":1,"11":1,"12":1,"13":1,"14":1,"15":1,"16":1,"17":1,"18":1,"19":1,"20":1,"21":1,"22":1,"23":1,"24":1,"25":1,"26":1,"27":1,"28":1,"29":1,"30":59,"31":59,"32":1,"33":1,"34":1,"35":1,"36":1,"37":68,"38":68,"39":68,"40":68,"41":25,"42":25,"43":25,"44":43,"45":43,"46":68,"47":4,"48":4,"49":2,"50":2,"51":2,"52":2,"53":2,"54":2,"55":4,"56":4,"57":43,"58":43,"59":68,"60":45,"61":45,"62":45,"63":49,"64":41,"65":41,"66":41,"67":41,"68":41,"69":41,"70":49,"71":49,"72":2,"73":2,"74":0,"75":0,"76":0,"77":0,"78":0,"79":0,"80":2,"81":49,"82":45,"83":43,"84":43,"85":68,"86":1,"87":1,"88":1,"89":1,"90":1,"91":25,"92":25,"93":25,"94":25,"95":1,"96":1,"97":1,"98":1,"99":1,"100":1,"101":25,"102":25,"103":0,"104":0,"105":0,"106":0,"107":0,"108":0,"109":25,"110":25,"111":25,"112":1,"113":0,"114":0,"115":0,"116":0,"117":0,"118":0,"119":1,"120":25,"121":25,"122":25,"123":1,"124":1,"125":1,"126":1,"127":1,"128":5,"129":5,"130":5,"131":26,"132":26,"133":26,"134":5,"135":5,"136":5,"137":5,"138":5,"139":5,"140":5,"141":5,"142":5,"143":5,"144":5,"145":5,"146":5,"147":5,"148":5,"149":5,"150":5,"151":5,"152":5,"153":5,"154":5,"155":5,"156":5,"157":5,"158":5,"159":5,"160":5,"161":5,"162":5,"163":5,"164":5,"165":5,"166":5,"167":5,"168":5,"169":26,"170":26,"171":23,"172":26,"173":34,"174":4,"175":4,"176":4,"177":4,"178":4,"179":4,"180":34,"181":23,"182":5,"183":5,"184":5,"185":1,"186":1,"187":1,"188":1,"189":1,"190":1,"191":1,"192":1,"193":1,"194":1,"195":1,"196":1,"197":1,"198":1,"199":1,"200":1,"201":1,"202":1,"203":1,"204":1,"205":1,"206":1,"207":1,"208":1,"209":1,"210":1,"211":1,"212":1,"213":1,"214":1,"215":1,"216":1,"217":1,"218":1,"219":1,"220":1,"221":1,"222":1,"223":1,"224":1,"225":1,"226":1,"227":1,"228":1,"229":1,"230":1,"231":1,"232":1,"233":1,"234":1,"235":1,"236":1,"237":1,"238":1,"239":1,"240":1,"241":1,"242":1,"243":1,"244":1,"245":1,"246":1,"247":1,"248":37,"249":35,"250":35,"251":35,"252":35,"253":35,"254":35,"255":35,"256":35},"branchMap":{"0":{"type":"branch","line":248,"loc":{"start":{"line":248,"column":38},"end":{"line":257,"column":1}},"locations":[{"start":{"line":248,"column":38},"end":{"line":257,"column":1}}]},"1":{"type":"branch","line":249,"loc":{"start":{"line":249,"column":18},"end":{"line":249,"column":46}},"locations":[{"start":{"line":249,"column":18},"end":{"line":249,"column":46}}]},"2":{"type":"branch","line":249,"loc":{"start":{"line":249,"column":46},"end":{"line":249,"column":83}},"locations":[{"start":{"line":249,"column":46},"end":{"line":249,"column":83}}]},"3":{"type":"branch","line":249,"loc":{"start":{"line":249,"column":46},"end":{"line":257,"column":1}},"locations":[{"start":{"line":249,"column":46},"end":{"line":257,"column":1}}]},"4":{"type":"branch","line":25,"loc":{"start":{"line":25,"column":10},"end":{"line":25,"column":70}},"locations":[{"start":{"line":25,"column":10},"end":{"line":25,"column":70}}]},"5":{"type":"branch","line":30,"loc":{"start":{"line":30,"column":2},"end":{"line":32,"column":3}},"locations":[{"start":{"line":30,"column":2},"end":{"line":32,"column":3}}]},"6":{"type":"branch","line":37,"loc":{"start":{"line":37,"column":2},"end":{"line":86,"column":3}},"locations":[{"start":{"line":37,"column":2},"end":{"line":86,"column":3}}]},"7":{"type":"branch","line":41,"loc":{"start":{"line":41,"column":16},"end":{"line":44,"column":5}},"locations":[{"start":{"line":41,"column":16},"end":{"line":44,"column":5}}]},"8":{"type":"branch","line":44,"loc":{"start":{"line":44,"column":4},"end":{"line":47,"column":36}},"locations":[{"start":{"line":44,"column":4},"end":{"line":47,"column":36}}]},"9":{"type":"branch","line":47,"loc":{"start":{"line":47,"column":36},"end":{"line":57,"column":5}},"locations":[{"start":{"line":47,"column":36},"end":{"line":57,"column":5}}]},"10":{"type":"branch","line":49,"loc":{"start":{"line":49,"column":37},"end":{"line":55,"column":9}},"locations":[{"start":{"line":49,"column":37},"end":{"line":55,"column":9}}]},"11":{"type":"branch","line":57,"loc":{"start":{"line":57,"column":4},"end":{"line":60,"column":80}},"locations":[{"start":{"line":57,"column":4},"end":{"line":60,"column":80}}]},"12":{"type":"branch","line":60,"loc":{"start":{"line":60,"column":80},"end":{"line":83,"column":5}},"locations":[{"start":{"line":60,"column":80},"end":{"line":83,"column":5}}]},"13":{"type":"branch","line":63,"loc":{"start":{"line":63,"column":37},"end":{"line":82,"column":7}},"locations":[{"start":{"line":63,"column":37},"end":{"line":82,"column":7}}]},"14":{"type":"branch","line":64,"loc":{"start":{"line":64,"column":26},"end":{"line":64,"column":91}},"locations":[{"start":{"line":64,"column":26},"end":{"line":64,"column":91}}]},"15":{"type":"branch","line":64,"loc":{"start":{"line":64,"column":56},"end":{"line":64,"column":91}},"locations":[{"start":{"line":64,"column":56},"end":{"line":64,"column":91}}]},"16":{"type":"branch","line":64,"loc":{"start":{"line":64,"column":91},"end":{"line":70,"column":9}},"locations":[{"start":{"line":64,"column":91},"end":{"line":70,"column":9}}]},"17":{"type":"branch","line":67,"loc":{"start":{"line":67,"column":26},"end":{"line":67,"column":64}},"locations":[{"start":{"line":67,"column":26},"end":{"line":67,"column":64}}]},"18":{"type":"branch","line":72,"loc":{"start":{"line":72,"column":26},"end":{"line":72,"column":63}},"locations":[{"start":{"line":72,"column":26},"end":{"line":72,"column":63}}]},"19":{"type":"branch","line":72,"loc":{"start":{"line":72,"column":63},"end":{"line":81,"column":9}},"locations":[{"start":{"line":72,"column":63},"end":{"line":81,"column":9}}]},"20":{"type":"branch","line":74,"loc":{"start":{"line":74,"column":31},"end":{"line":80,"column":11}},"locations":[{"start":{"line":74,"column":31},"end":{"line":80,"column":11}}]},"21":{"type":"branch","line":83,"loc":{"start":{"line":83,"column":4},"end":{"line":85,"column":18}},"locations":[{"start":{"line":83,"column":4},"end":{"line":85,"column":18}}]},"22":{"type":"branch","line":91,"loc":{"start":{"line":91,"column":10},"end":{"line":123,"column":3}},"locations":[{"start":{"line":91,"column":10},"end":{"line":123,"column":3}}]},"23":{"type":"branch","line":95,"loc":{"start":{"line":95,"column":24},"end":{"line":101,"column":5}},"locations":[{"start":{"line":95,"column":24},"end":{"line":101,"column":5}}]},"24":{"type":"branch","line":103,"loc":{"start":{"line":103,"column":25},"end":{"line":109,"column":5}},"locations":[{"start":{"line":103,"column":25},"end":{"line":109,"column":5}}]},"25":{"type":"branch","line":112,"loc":{"start":{"line":112,"column":66},"end":{"line":120,"column":5}},"locations":[{"start":{"line":112,"column":66},"end":{"line":120,"column":5}}]},"26":{"type":"branch","line":113,"loc":{"start":{"line":113,"column":49},"end":{"line":119,"column":7}},"locations":[{"start":{"line":113,"column":49},"end":{"line":119,"column":7}}]},"27":{"type":"branch","line":128,"loc":{"start":{"line":128,"column":2},"end":{"line":185,"column":3}},"locations":[{"start":{"line":128,"column":2},"end":{"line":185,"column":3}}]},"28":{"type":"branch","line":131,"loc":{"start":{"line":131,"column":34},"end":{"line":134,"column":5}},"locations":[{"start":{"line":131,"column":34},"end":{"line":134,"column":5}}]},"29":{"type":"branch","line":169,"loc":{"start":{"line":169,"column":34},"end":{"line":182,"column":5}},"locations":[{"start":{"line":169,"column":34},"end":{"line":182,"column":5}}]},"30":{"type":"branch","line":171,"loc":{"start":{"line":171,"column":18},"end":{"line":171,"column":27}},"locations":[{"start":{"line":171,"column":18},"end":{"line":171,"column":27}}]},"31":{"type":"branch","line":171,"loc":{"start":{"line":171,"column":18},"end":{"line":173,"column":31}},"locations":[{"start":{"line":171,"column":18},"end":{"line":173,"column":31}}]},"32":{"type":"branch","line":173,"loc":{"start":{"line":173,"column":31},"end":{"line":181,"column":7}},"locations":[{"start":{"line":173,"column":31},"end":{"line":181,"column":7}}]},"33":{"type":"branch","line":174,"loc":{"start":{"line":174,"column":42},"end":{"line":180,"column":9}},"locations":[{"start":{"line":174,"column":42},"end":{"line":180,"column":9}}]},"34":{"type":"branch","line":181,"loc":{"start":{"line":181,"column":6},"end":{"line":182,"column":5}},"locations":[{"start":{"line":181,"column":6},"end":{"line":182,"column":5}}]},"35":{"type":"branch","line":137,"loc":{"start":{"line":137,"column":44},"end":{"line":137,"column":57}},"locations":[{"start":{"line":137,"column":44},"end":{"line":137,"column":57}}]},"36":{"type":"branch","line":190,"loc":{"start":{"line":190,"column":2},"end":{"line":200,"column":3}},"locations":[{"start":{"line":190,"column":2},"end":{"line":200,"column":3}}]},"37":{"type":"branch","line":196,"loc":{"start":{"line":196,"column":32},"end":{"line":196,"column":59}},"locations":[{"start":{"line":196,"column":32},"end":{"line":196,"column":59}}]},"38":{"type":"branch","line":197,"loc":{"start":{"line":197,"column":34},"end":{"line":197,"column":63}},"locations":[{"start":{"line":197,"column":34},"end":{"line":197,"column":63}}]},"39":{"type":"branch","line":198,"loc":{"start":{"line":198,"column":31},"end":{"line":198,"column":57}},"locations":[{"start":{"line":198,"column":31},"end":{"line":198,"column":57}}]},"40":{"type":"branch","line":213,"loc":{"start":{"line":213,"column":17},"end":{"line":213,"column":77}},"locations":[{"start":{"line":213,"column":17},"end":{"line":213,"column":77}}]}},"b":{"0":[37],"1":[36],"2":[2],"3":[35],"4":[12],"5":[59],"6":[68],"7":[25],"8":[43],"9":[4],"10":[2],"11":[43],"12":[45],"13":[49],"14":[45],"15":[4],"16":[41],"17":[0],"18":[4],"19":[2],"20":[0],"21":[43],"22":[25],"23":[1],"24":[0],"25":[1],"26":[0],"27":[5],"28":[26],"29":[26],"30":[3],"31":[23],"32":[34],"33":[4],"34":[23],"35":[26],"36":[1],"37":[3],"38":[3],"39":[3],"40":[1]},"fnMap":{"0":{"name":"<instance_members_initializer>","decl":{"start":{"line":25,"column":10},"end":{"line":25,"column":70}},"loc":{"start":{"line":25,"column":10},"end":{"line":25,"column":70}},"line":25},"1":{"name":"registerModuleRules","decl":{"start":{"line":30,"column":2},"end":{"line":32,"column":3}},"loc":{"start":{"line":30,"column":2},"end":{"line":32,"column":3}},"line":30},"2":{"name":"validateModule","decl":{"start":{"line":37,"column":2},"end":{"line":86,"column":3}},"loc":{"start":{"line":37,"column":2},"end":{"line":86,"column":3}},"line":37},"3":{"name":"validateGeneric","decl":{"start":{"line":91,"column":10},"end":{"line":123,"column":3}},"loc":{"start":{"line":91,"column":10},"end":{"line":123,"column":3}},"line":91},"4":{"name":"validateModules","decl":{"start":{"line":128,"column":2},"end":{"line":185,"column":3}},"loc":{"start":{"line":128,"column":2},"end":{"line":185,"column":3}},"line":128},"5":{"name":"getValidationStats","decl":{"start":{"line":190,"column":2},"end":{"line":200,"column":3}},"loc":{"start":{"line":190,"column":2},"end":{"line":200,"column":3}},"line":190},"6":{"name":"condition","decl":{"start":{"line":213,"column":17},"end":{"line":213,"column":77}},"loc":{"start":{"line":213,"column":17},"end":{"line":213,"column":77}},"line":213}},"f":{"0":12,"1":59,"2":68,"3":25,"4":5,"5":1,"6":1}}
}
